2021-12-05T06:50:25+00:00 CRITICAL syntax error, unexpected 'echo' (T_ECHO) en C:\Users\Isabel\PhpstormProjects\wc_hocicosbox\wp-content\themes\hocicosbox\header.php en la línea 44

2021-12-05T08:02:15+00:00 CRITICAL require_once(): Failed opening required 'C:\Users\Isabel\PhpstormProjects\wc_hocicosbox/wp-content/themes/hocicosbox/inc/customizer/customizer-general/customizer-general-panel.php' (include_path='.;C:/laragon/etc/php/pear') en C:\Users\Isabel\PhpstormProjects\wc_hocicosbox\wp-content\themes\hocicosbox\inc\customizer\customizer.php en la línea 10

2021-12-05T08:03:23+00:00 CRITICAL require_once(): Failed opening required 'C:\Users\Isabel\PhpstormProjects\wc_hocicosbox/wp-content/themes/hocicosbox/inc/customizer/customizer-general/customizer-general-panel.php' (include_path='.;C:/laragon/etc/php/pear') en C:\Users\Isabel\PhpstormProjects\wc_hocicosbox\wp-content\themes\hocicosbox\inc\customizer\customizer.php en la línea 10

2021-12-05T08:03:50+00:00 CRITICAL require_once(): Failed opening required 'C:\Users\Isabel\PhpstormProjects\wc_hocicosbox/wp-content/themes/hocicosbox/inc/customizer/customizer-general/customizer-general-panel.php' (include_path='.;C:/laragon/etc/php/pear') en C:\Users\Isabel\PhpstormProjects\wc_hocicosbox\wp-content\themes\hocicosbox\inc\customizer\customizer.php en la línea 10

2021-12-05T08:03:51+00:00 CRITICAL require_once(): Failed opening required 'C:\Users\Isabel\PhpstormProjects\wc_hocicosbox/wp-content/themes/hocicosbox/inc/customizer/customizer-general/customizer-general-panel.php' (include_path='.;C:/laragon/etc/php/pear') en C:\Users\Isabel\PhpstormProjects\wc_hocicosbox\wp-content\themes\hocicosbox\inc\customizer\customizer.php en la línea 10

2021-12-05T08:03:52+00:00 CRITICAL require_once(): Failed opening required 'C:\Users\Isabel\PhpstormProjects\wc_hocicosbox/wp-content/themes/hocicosbox/inc/customizer/customizer-general/customizer-general-panel.php' (include_path='.;C:/laragon/etc/php/pear') en C:\Users\Isabel\PhpstormProjects\wc_hocicosbox\wp-content\themes\hocicosbox\inc\customizer\customizer.php en la línea 10

2021-12-05T08:04:05+00:00 CRITICAL require_once(): Failed opening required 'C:\Users\Isabel\PhpstormProjects\wc_hocicosbox/wp-content/themes/hocicosbox/inc/customizer/customizer-general/customizer-home-panel.php' (include_path='.;C:/laragon/etc/php/pear') en C:\Users\Isabel\PhpstormProjects\wc_hocicosbox\wp-content\themes\hocicosbox\inc\customizer\customizer.php en la línea 10

2021-12-05T08:04:06+00:00 CRITICAL require_once(): Failed opening required 'C:\Users\Isabel\PhpstormProjects\wc_hocicosbox/wp-content/themes/hocicosbox/inc/customizer/customizer-general/customizer-home-panel.php' (include_path='.;C:/laragon/etc/php/pear') en C:\Users\Isabel\PhpstormProjects\wc_hocicosbox\wp-content\themes\hocicosbox\inc\customizer\customizer.php en la línea 10

2021-12-05T08:21:32+00:00 CRITICAL Object of class WP_Customize_Control could not be converted to string en C:\Users\Isabel\PhpstormProjects\wc_hocicosbox\wp-content\themes\hocicosbox\inc\customizer\customizer-general\customizer-menu.php en la línea 42

2021-12-05T08:28:47+00:00 CRITICAL require_once(): Failed opening required 'C:\Users\Isabel\PhpstormProjects\wc_hocicosbox/wp-content/themes/hocicosbox/categories-hb-dropdown.php' (include_path='.;C:/laragon/etc/php/pear') en C:\Users\Isabel\PhpstormProjects\wc_hocicosbox\wp-content\themes\hocicosbox\inc\customizer\customizer-general\customizer-menu.php en la línea 7

2021-12-05T08:28:59+00:00 CRITICAL require_once(): Failed opening required 'C:\Users\Isabel\PhpstormProjects\wc_hocicosbox/wp-content/themes/hocicosbox/categories-hb-dropdown.php' (include_path='.;C:/laragon/etc/php/pear') en C:\Users\Isabel\PhpstormProjects\wc_hocicosbox\wp-content\themes\hocicosbox\inc\customizer\customizer-general\customizer-menu.php en la línea 7

2021-12-05T08:29:22+00:00 CRITICAL require_once(): Failed opening required '/categories-hb-dropdown.php' (include_path='.;C:/laragon/etc/php/pear') en C:\Users\Isabel\PhpstormProjects\wc_hocicosbox\wp-content\themes\hocicosbox\inc\customizer\customizer-general\customizer-menu.php en la línea 7

2021-12-05T08:29:30+00:00 CRITICAL require_once(): Failed opening required 'categories-hb-dropdown.php' (include_path='.;C:/laragon/etc/php/pear') en C:\Users\Isabel\PhpstormProjects\wc_hocicosbox\wp-content\themes\hocicosbox\inc\customizer\customizer-general\customizer-menu.php en la línea 7

2021-12-05T08:30:49+00:00 CRITICAL require_once(): Failed opening required 'C:\Users\Isabel\PhpstormProjects\wc_hocicosbox/wp-content/themes/hocicosbox/categories-hb-dropdown.php' (include_path='.;C:/laragon/etc/php/pear') en C:\Users\Isabel\PhpstormProjects\wc_hocicosbox\wp-content\themes\hocicosbox\inc\customizer\customizer-general\customizer-menu.php en la línea 7

2021-12-05T08:31:15+00:00 CRITICAL require_once(): Failed opening required 'C:\Users\Isabel\PhpstormProjects\wc_hocicosbox/wp-content/themes/hocicosboxinc/customizer-panels/categories-hb-dropdown.php' (include_path='.;C:/laragon/etc/php/pear') en C:\Users\Isabel\PhpstormProjects\wc_hocicosbox\wp-content\themes\hocicosbox\inc\customizer\customizer-general\customizer-menu.php en la línea 7

2021-12-05T08:31:28+00:00 CRITICAL require_once(): Failed opening required 'C:\Users\Isabel\PhpstormProjects\wc_hocicosbox/wp-content/themes/hocicosbox/inc/customizer-panels/categories-hb-dropdown.php' (include_path='.;C:/laragon/etc/php/pear') en C:\Users\Isabel\PhpstormProjects\wc_hocicosbox\wp-content\themes\hocicosbox\inc\customizer\customizer-general\customizer-menu.php en la línea 7

2021-12-05T08:36:46+00:00 CRITICAL Constant expression contains invalid operations en C:\Users\Isabel\PhpstormProjects\wc_hocicosbox\wp-content\themes\hocicosbox\inc\customizer\customizer-panels\categories-hb-dropdown.php en la línea 7

2021-12-05T08:38:47+00:00 CRITICAL Constant expression contains invalid operations en C:\Users\Isabel\PhpstormProjects\wc_hocicosbox\wp-content\themes\hocicosbox\inc\customizer\customizer-panels\categories-hb-dropdown.php en la línea 7

2021-12-05T08:44:49+00:00 CRITICAL syntax error, unexpected 'print_r' (T_STRING) en C:\Users\Isabel\PhpstormProjects\wc_hocicosbox\wp-content\themes\hocicosbox\header.php en la línea 110

2021-12-05T08:52:03+00:00 CRITICAL Uncaught Error: Cannot use object of type WP_Post as array in C:\Users\Isabel\PhpstormProjects\wc_hocicosbox\wp-content\themes\hocicosbox\header.php:115
Stack trace:
#0 C:\Users\Isabel\PhpstormProjects\wc_hocicosbox\wp-includes\template.php(770): require_once()
#1 C:\Users\Isabel\PhpstormProjects\wc_hocicosbox\wp-includes\template.php(716): load_template('C:\\Users\\Isabel...', true, Array)
#2 C:\Users\Isabel\PhpstormProjects\wc_hocicosbox\wp-includes\general-template.php(48): locate_template(Array, true, true, Array)
#3 C:\Users\Isabel\PhpstormProjects\wc_hocicosbox\wp-content\themes\hocicosbox\page-home.php(12): get_header()
#4 C:\Users\Isabel\PhpstormProjects\wc_hocicosbox\wp-includes\template-loader.php(106): include('C:\\Users\\Isabel...')
#5 C:\Users\Isabel\PhpstormProjects\wc_hocicosbox\wp-blog-header.php(19): require_once('C:\\Users\\Isabel...')
#6 C:\Users\Isabel\PhpstormProjects\wc_hocicosbox\index.php(17): require('C:\\Users\\Isabel...')
#7 {main}
  thrown en C:\Users\Isabel\PhpstormProjects\wc_hocicosbox\wp-content\themes\hocicosbox\header.php en la línea 115

2021-12-05T08:52:35+00:00 CRITICAL Object of class WP_Post could not be converted to string en C:\Users\Isabel\PhpstormProjects\wc_hocicosbox\wp-content\themes\hocicosbox\header.php en la línea 115

2021-12-05T11:02:07+00:00 CRITICAL syntax error, unexpected 'array_push' (T_STRING) en C:\Users\Isabel\PhpstormProjects\wc_hocicosbox\wp-content\themes\hocicosbox\header.php en la línea 130

