2021-06-09T04:44:18+00:00 CRITICAL syntax error, unexpected end of file en C:\Users\Isabel\PhpstormProjects\wc_hocicosbox\wp-content\themes\hocicosbox\inc\customizer\customizer-home\customizer-home-trades.php en la línea 42

2021-06-09T04:44:19+00:00 CRITICAL syntax error, unexpected end of file en C:\Users\Isabel\PhpstormProjects\wc_hocicosbox\wp-content\themes\hocicosbox\inc\customizer\customizer-home\customizer-home-trades.php en la línea 42

2021-06-09T04:47:40+00:00 CRITICAL Uncaught Error: Class 'Skyrocket_Dropdown_Select2_Custom_Control' not found in C:\Users\Isabel\PhpstormProjects\wc_hocicosbox\wp-content\themes\hocicosbox\inc\customizer\customizer-home\customizer-home-trades.php:52
Stack trace:
#0 C:\Users\Isabel\PhpstormProjects\wc_hocicosbox\wp-includes\class-wp-hook.php(292): customizer_home_trades(Object(WP_Customize_Manager))
#1 C:\Users\Isabel\PhpstormProjects\wc_hocicosbox\wp-includes\class-wp-hook.php(316): WP_Hook->apply_filters(NULL, Array)
#2 C:\Users\Isabel\PhpstormProjects\wc_hocicosbox\wp-includes\plugin.php(484): WP_Hook->do_action(Array)
#3 C:\Users\Isabel\PhpstormProjects\wc_hocicosbox\wp-includes\class-wp-customize-manager.php(933): do_action('customize_regis...', Object(WP_Customize_Manager))
#4 C:\Users\Isabel\PhpstormProjects\wc_hocicosbox\wp-includes\class-wp-hook.php(292): WP_Customize_Manager->wp_loaded('')
#5 C:\Users\Isabel\PhpstormProjects\wc_hocicosbox\wp-includes\class-wp-hook.php(316): WP_Hook->apply_filters(NULL, Array)
#6 C:\Users\Isabel\Phpst en C:\Users\Isabel\PhpstormProjects\wc_hocicosbox\wp-content\themes\hocicosbox\inc\customizer\customizer-home\customizer-home-trades.php en la línea 52

2021-06-09T04:57:34+00:00 CRITICAL Uncaught Error: Class 'WP_Customize_Control' not found in C:\Users\Isabel\PhpstormProjects\wc_hocicosbox\wp-content\themes\hocicosbox\inc\customizer\customizer-home\customizer-home-trades.php:298
Stack trace:
#0 C:\Users\Isabel\PhpstormProjects\wc_hocicosbox\wp-content\themes\hocicosbox\inc\customizer\customizer.php(8): require_once()
#1 C:\Users\Isabel\PhpstormProjects\wc_hocicosbox\wp-content\themes\hocicosbox\functions.php(14): require_once('C:\\Users\\Isabel...')
#2 C:\Users\Isabel\PhpstormProjects\wc_hocicosbox\wp-settings.php(528): include('C:\\Users\\Isabel...')
#3 C:\Users\Isabel\PhpstormProjects\wc_hocicosbox\wp-config.php(90): require_once('C:\\Users\\Isabel...')
#4 C:\Users\Isabel\PhpstormProjects\wc_hocicosbox\wp-load.php(37): require_once('C:\\Users\\Isabel...')
#5 C:\Users\Isabel\PhpstormProjects\wc_hocicosbox\wp-blog-header.php(13): require_once('C:\\Users\\Isabel...')
#6 C:\Users\Isabel\PhpstormProjects\wc_hocicosbox\index.php(17): require('C:\\Users\\Isabel...')
#7 {main}
  thrown en C:\Users\Isabel\PhpstormProjects\wc_hocicosbox\wp-content\themes\hocicosbox\inc\customizer\customizer-home\customizer-home-trades.php en la línea 298

2021-06-09T04:57:34+00:00 CRITICAL Uncaught Error: Class 'WP_Customize_Control' not found in C:\Users\Isabel\PhpstormProjects\wc_hocicosbox\wp-content\themes\hocicosbox\inc\customizer\customizer-home\customizer-home-trades.php:298
Stack trace:
#0 C:\Users\Isabel\PhpstormProjects\wc_hocicosbox\wp-content\themes\hocicosbox\inc\customizer\customizer.php(8): require_once()
#1 C:\Users\Isabel\PhpstormProjects\wc_hocicosbox\wp-content\themes\hocicosbox\functions.php(14): require_once('C:\\Users\\Isabel...')
#2 C:\Users\Isabel\PhpstormProjects\wc_hocicosbox\wp-settings.php(528): include('C:\\Users\\Isabel...')
#3 C:\Users\Isabel\PhpstormProjects\wc_hocicosbox\wp-config.php(90): require_once('C:\\Users\\Isabel...')
#4 C:\Users\Isabel\PhpstormProjects\wc_hocicosbox\wp-load.php(37): require_once('C:\\Users\\Isabel...')
#5 C:\Users\Isabel\PhpstormProjects\wc_hocicosbox\wp-blog-header.php(13): require_once('C:\\Users\\Isabel...')
#6 C:\Users\Isabel\PhpstormProjects\wc_hocicosbox\index.php(17): require('C:\\Users\\Isabel...')
#7 {main}
  thrown en C:\Users\Isabel\PhpstormProjects\wc_hocicosbox\wp-content\themes\hocicosbox\inc\customizer\customizer-home\customizer-home-trades.php en la línea 298

2021-06-09T04:57:35+00:00 CRITICAL Uncaught Error: Class 'WP_Customize_Control' not found in C:\Users\Isabel\PhpstormProjects\wc_hocicosbox\wp-content\themes\hocicosbox\inc\customizer\customizer-home\customizer-home-trades.php:298
Stack trace:
#0 C:\Users\Isabel\PhpstormProjects\wc_hocicosbox\wp-content\themes\hocicosbox\inc\customizer\customizer.php(8): require_once()
#1 C:\Users\Isabel\PhpstormProjects\wc_hocicosbox\wp-content\themes\hocicosbox\functions.php(14): require_once('C:\\Users\\Isabel...')
#2 C:\Users\Isabel\PhpstormProjects\wc_hocicosbox\wp-settings.php(528): include('C:\\Users\\Isabel...')
#3 C:\Users\Isabel\PhpstormProjects\wc_hocicosbox\wp-config.php(90): require_once('C:\\Users\\Isabel...')
#4 C:\Users\Isabel\PhpstormProjects\wc_hocicosbox\wp-load.php(37): require_once('C:\\Users\\Isabel...')
#5 C:\Users\Isabel\PhpstormProjects\wc_hocicosbox\wp-blog-header.php(13): require_once('C:\\Users\\Isabel...')
#6 C:\Users\Isabel\PhpstormProjects\wc_hocicosbox\index.php(17): require('C:\\Users\\Isabel...')
#7 {main}
  thrown en C:\Users\Isabel\PhpstormProjects\wc_hocicosbox\wp-content\themes\hocicosbox\inc\customizer\customizer-home\customizer-home-trades.php en la línea 298

2021-06-09T04:57:36+00:00 CRITICAL Uncaught Error: Class 'WP_Customize_Control' not found in C:\Users\Isabel\PhpstormProjects\wc_hocicosbox\wp-content\themes\hocicosbox\inc\customizer\customizer-home\customizer-home-trades.php:298
Stack trace:
#0 C:\Users\Isabel\PhpstormProjects\wc_hocicosbox\wp-content\themes\hocicosbox\inc\customizer\customizer.php(8): require_once()
#1 C:\Users\Isabel\PhpstormProjects\wc_hocicosbox\wp-content\themes\hocicosbox\functions.php(14): require_once('C:\\Users\\Isabel...')
#2 C:\Users\Isabel\PhpstormProjects\wc_hocicosbox\wp-settings.php(528): include('C:\\Users\\Isabel...')
#3 C:\Users\Isabel\PhpstormProjects\wc_hocicosbox\wp-config.php(90): require_once('C:\\Users\\Isabel...')
#4 C:\Users\Isabel\PhpstormProjects\wc_hocicosbox\wp-load.php(37): require_once('C:\\Users\\Isabel...')
#5 C:\Users\Isabel\PhpstormProjects\wc_hocicosbox\wp-blog-header.php(13): require_once('C:\\Users\\Isabel...')
#6 C:\Users\Isabel\PhpstormProjects\wc_hocicosbox\index.php(17): require('C:\\Users\\Isabel...')
#7 {main}
  thrown en C:\Users\Isabel\PhpstormProjects\wc_hocicosbox\wp-content\themes\hocicosbox\inc\customizer\customizer-home\customizer-home-trades.php en la línea 298

2021-06-09T04:57:37+00:00 CRITICAL Uncaught Error: Class 'WP_Customize_Control' not found in C:\Users\Isabel\PhpstormProjects\wc_hocicosbox\wp-content\themes\hocicosbox\inc\customizer\customizer-home\customizer-home-trades.php:298
Stack trace:
#0 C:\Users\Isabel\PhpstormProjects\wc_hocicosbox\wp-content\themes\hocicosbox\inc\customizer\customizer.php(8): require_once()
#1 C:\Users\Isabel\PhpstormProjects\wc_hocicosbox\wp-content\themes\hocicosbox\functions.php(14): require_once('C:\\Users\\Isabel...')
#2 C:\Users\Isabel\PhpstormProjects\wc_hocicosbox\wp-settings.php(528): include('C:\\Users\\Isabel...')
#3 C:\Users\Isabel\PhpstormProjects\wc_hocicosbox\wp-config.php(90): require_once('C:\\Users\\Isabel...')
#4 C:\Users\Isabel\PhpstormProjects\wc_hocicosbox\wp-load.php(37): require_once('C:\\Users\\Isabel...')
#5 C:\Users\Isabel\PhpstormProjects\wc_hocicosbox\wp-blog-header.php(13): require_once('C:\\Users\\Isabel...')
#6 C:\Users\Isabel\PhpstormProjects\wc_hocicosbox\index.php(17): require('C:\\Users\\Isabel...')
#7 {main}
  thrown en C:\Users\Isabel\PhpstormProjects\wc_hocicosbox\wp-content\themes\hocicosbox\inc\customizer\customizer-home\customizer-home-trades.php en la línea 298

2021-06-09T04:57:37+00:00 CRITICAL Uncaught Error: Class 'WP_Customize_Control' not found in C:\Users\Isabel\PhpstormProjects\wc_hocicosbox\wp-content\themes\hocicosbox\inc\customizer\customizer-home\customizer-home-trades.php:298
Stack trace:
#0 C:\Users\Isabel\PhpstormProjects\wc_hocicosbox\wp-content\themes\hocicosbox\inc\customizer\customizer.php(8): require_once()
#1 C:\Users\Isabel\PhpstormProjects\wc_hocicosbox\wp-content\themes\hocicosbox\functions.php(14): require_once('C:\\Users\\Isabel...')
#2 C:\Users\Isabel\PhpstormProjects\wc_hocicosbox\wp-settings.php(528): include('C:\\Users\\Isabel...')
#3 C:\Users\Isabel\PhpstormProjects\wc_hocicosbox\wp-config.php(90): require_once('C:\\Users\\Isabel...')
#4 C:\Users\Isabel\PhpstormProjects\wc_hocicosbox\wp-load.php(37): require_once('C:\\Users\\Isabel...')
#5 C:\Users\Isabel\PhpstormProjects\wc_hocicosbox\wp-blog-header.php(13): require_once('C:\\Users\\Isabel...')
#6 C:\Users\Isabel\PhpstormProjects\wc_hocicosbox\index.php(17): require('C:\\Users\\Isabel...')
#7 {main}
  thrown en C:\Users\Isabel\PhpstormProjects\wc_hocicosbox\wp-content\themes\hocicosbox\inc\customizer\customizer-home\customizer-home-trades.php en la línea 298

2021-06-09T04:57:37+00:00 CRITICAL Uncaught Error: Class 'WP_Customize_Control' not found in C:\Users\Isabel\PhpstormProjects\wc_hocicosbox\wp-content\themes\hocicosbox\inc\customizer\customizer-home\customizer-home-trades.php:298
Stack trace:
#0 C:\Users\Isabel\PhpstormProjects\wc_hocicosbox\wp-content\themes\hocicosbox\inc\customizer\customizer.php(8): require_once()
#1 C:\Users\Isabel\PhpstormProjects\wc_hocicosbox\wp-content\themes\hocicosbox\functions.php(14): require_once('C:\\Users\\Isabel...')
#2 C:\Users\Isabel\PhpstormProjects\wc_hocicosbox\wp-settings.php(528): include('C:\\Users\\Isabel...')
#3 C:\Users\Isabel\PhpstormProjects\wc_hocicosbox\wp-config.php(90): require_once('C:\\Users\\Isabel...')
#4 C:\Users\Isabel\PhpstormProjects\wc_hocicosbox\wp-load.php(37): require_once('C:\\Users\\Isabel...')
#5 C:\Users\Isabel\PhpstormProjects\wc_hocicosbox\wp-blog-header.php(13): require_once('C:\\Users\\Isabel...')
#6 C:\Users\Isabel\PhpstormProjects\wc_hocicosbox\index.php(17): require('C:\\Users\\Isabel...')
#7 {main}
  thrown en C:\Users\Isabel\PhpstormProjects\wc_hocicosbox\wp-content\themes\hocicosbox\inc\customizer\customizer-home\customizer-home-trades.php en la línea 298

2021-06-09T04:57:46+00:00 CRITICAL Uncaught Error: Class 'WP_Customize_Control' not found in C:\Users\Isabel\PhpstormProjects\wc_hocicosbox\wp-content\themes\hocicosbox\inc\customizer\customizer-home\customizer-home-trades.php:298
Stack trace:
#0 C:\Users\Isabel\PhpstormProjects\wc_hocicosbox\wp-content\themes\hocicosbox\inc\customizer\customizer.php(8): require_once()
#1 C:\Users\Isabel\PhpstormProjects\wc_hocicosbox\wp-content\themes\hocicosbox\functions.php(14): require_once('C:\\Users\\Isabel...')
#2 C:\Users\Isabel\PhpstormProjects\wc_hocicosbox\wp-settings.php(528): include('C:\\Users\\Isabel...')
#3 C:\Users\Isabel\PhpstormProjects\wc_hocicosbox\wp-config.php(90): require_once('C:\\Users\\Isabel...')
#4 C:\Users\Isabel\PhpstormProjects\wc_hocicosbox\wp-load.php(37): require_once('C:\\Users\\Isabel...')
#5 C:\Users\Isabel\PhpstormProjects\wc_hocicosbox\wp-blog-header.php(13): require_once('C:\\Users\\Isabel...')
#6 C:\Users\Isabel\PhpstormProjects\wc_hocicosbox\index.php(17): require('C:\\Users\\Isabel...')
#7 {main}
  thrown en C:\Users\Isabel\PhpstormProjects\wc_hocicosbox\wp-content\themes\hocicosbox\inc\customizer\customizer-home\customizer-home-trades.php en la línea 298

2021-06-09T04:57:49+00:00 CRITICAL Uncaught Error: Class 'WP_Customize_Control' not found in C:\Users\Isabel\PhpstormProjects\wc_hocicosbox\wp-content\themes\hocicosbox\inc\customizer\customizer-home\customizer-home-trades.php:298
Stack trace:
#0 C:\Users\Isabel\PhpstormProjects\wc_hocicosbox\wp-content\themes\hocicosbox\inc\customizer\customizer.php(8): require_once()
#1 C:\Users\Isabel\PhpstormProjects\wc_hocicosbox\wp-content\themes\hocicosbox\functions.php(14): require_once('C:\\Users\\Isabel...')
#2 C:\Users\Isabel\PhpstormProjects\wc_hocicosbox\wp-settings.php(528): include('C:\\Users\\Isabel...')
#3 C:\Users\Isabel\PhpstormProjects\wc_hocicosbox\wp-config.php(90): require_once('C:\\Users\\Isabel...')
#4 C:\Users\Isabel\PhpstormProjects\wc_hocicosbox\wp-load.php(37): require_once('C:\\Users\\Isabel...')
#5 C:\Users\Isabel\PhpstormProjects\wc_hocicosbox\wp-blog-header.php(13): require_once('C:\\Users\\Isabel...')
#6 C:\Users\Isabel\PhpstormProjects\wc_hocicosbox\index.php(17): require('C:\\Users\\Isabel...')
#7 {main}
  thrown en C:\Users\Isabel\PhpstormProjects\wc_hocicosbox\wp-content\themes\hocicosbox\inc\customizer\customizer-home\customizer-home-trades.php en la línea 298

2021-06-09T04:57:49+00:00 CRITICAL Uncaught Error: Class 'WP_Customize_Control' not found in C:\Users\Isabel\PhpstormProjects\wc_hocicosbox\wp-content\themes\hocicosbox\inc\customizer\customizer-home\customizer-home-trades.php:298
Stack trace:
#0 C:\Users\Isabel\PhpstormProjects\wc_hocicosbox\wp-content\themes\hocicosbox\inc\customizer\customizer.php(8): require_once()
#1 C:\Users\Isabel\PhpstormProjects\wc_hocicosbox\wp-content\themes\hocicosbox\functions.php(14): require_once('C:\\Users\\Isabel...')
#2 C:\Users\Isabel\PhpstormProjects\wc_hocicosbox\wp-settings.php(528): include('C:\\Users\\Isabel...')
#3 C:\Users\Isabel\PhpstormProjects\wc_hocicosbox\wp-config.php(90): require_once('C:\\Users\\Isabel...')
#4 C:\Users\Isabel\PhpstormProjects\wc_hocicosbox\wp-load.php(37): require_once('C:\\Users\\Isabel...')
#5 C:\Users\Isabel\PhpstormProjects\wc_hocicosbox\wp-blog-header.php(13): require_once('C:\\Users\\Isabel...')
#6 C:\Users\Isabel\PhpstormProjects\wc_hocicosbox\index.php(17): require('C:\\Users\\Isabel...')
#7 {main}
  thrown en C:\Users\Isabel\PhpstormProjects\wc_hocicosbox\wp-content\themes\hocicosbox\inc\customizer\customizer-home\customizer-home-trades.php en la línea 298

2021-06-09T04:57:57+00:00 CRITICAL Uncaught Error: Class 'WP_Customize_Control' not found in C:\Users\Isabel\PhpstormProjects\wc_hocicosbox\wp-content\themes\hocicosbox\inc\customizer\customizer-home\customizer-home-trades.php:298
Stack trace:
#0 C:\Users\Isabel\PhpstormProjects\wc_hocicosbox\wp-content\themes\hocicosbox\inc\customizer\customizer.php(8): require_once()
#1 C:\Users\Isabel\PhpstormProjects\wc_hocicosbox\wp-content\themes\hocicosbox\functions.php(14): require_once('C:\\Users\\Isabel...')
#2 C:\Users\Isabel\PhpstormProjects\wc_hocicosbox\wp-settings.php(528): include('C:\\Users\\Isabel...')
#3 C:\Users\Isabel\PhpstormProjects\wc_hocicosbox\wp-config.php(90): require_once('C:\\Users\\Isabel...')
#4 C:\Users\Isabel\PhpstormProjects\wc_hocicosbox\wp-load.php(37): require_once('C:\\Users\\Isabel...')
#5 C:\Users\Isabel\PhpstormProjects\wc_hocicosbox\wp-blog-header.php(13): require_once('C:\\Users\\Isabel...')
#6 C:\Users\Isabel\PhpstormProjects\wc_hocicosbox\index.php(17): require('C:\\Users\\Isabel...')
#7 {main}
  thrown en C:\Users\Isabel\PhpstormProjects\wc_hocicosbox\wp-content\themes\hocicosbox\inc\customizer\customizer-home\customizer-home-trades.php en la línea 298

2021-06-09T04:57:57+00:00 CRITICAL Uncaught Error: Class 'WP_Customize_Control' not found in C:\Users\Isabel\PhpstormProjects\wc_hocicosbox\wp-content\themes\hocicosbox\inc\customizer\customizer-home\customizer-home-trades.php:298
Stack trace:
#0 C:\Users\Isabel\PhpstormProjects\wc_hocicosbox\wp-content\themes\hocicosbox\inc\customizer\customizer.php(8): require_once()
#1 C:\Users\Isabel\PhpstormProjects\wc_hocicosbox\wp-content\themes\hocicosbox\functions.php(14): require_once('C:\\Users\\Isabel...')
#2 C:\Users\Isabel\PhpstormProjects\wc_hocicosbox\wp-settings.php(528): include('C:\\Users\\Isabel...')
#3 C:\Users\Isabel\PhpstormProjects\wc_hocicosbox\wp-config.php(90): require_once('C:\\Users\\Isabel...')
#4 C:\Users\Isabel\PhpstormProjects\wc_hocicosbox\wp-load.php(37): require_once('C:\\Users\\Isabel...')
#5 C:\Users\Isabel\PhpstormProjects\wc_hocicosbox\wp-blog-header.php(13): require_once('C:\\Users\\Isabel...')
#6 C:\Users\Isabel\PhpstormProjects\wc_hocicosbox\index.php(17): require('C:\\Users\\Isabel...')
#7 {main}
  thrown en C:\Users\Isabel\PhpstormProjects\wc_hocicosbox\wp-content\themes\hocicosbox\inc\customizer\customizer-home\customizer-home-trades.php en la línea 298

2021-06-09T04:57:57+00:00 CRITICAL Uncaught Error: Class 'WP_Customize_Control' not found in C:\Users\Isabel\PhpstormProjects\wc_hocicosbox\wp-content\themes\hocicosbox\inc\customizer\customizer-home\customizer-home-trades.php:298
Stack trace:
#0 C:\Users\Isabel\PhpstormProjects\wc_hocicosbox\wp-content\themes\hocicosbox\inc\customizer\customizer.php(8): require_once()
#1 C:\Users\Isabel\PhpstormProjects\wc_hocicosbox\wp-content\themes\hocicosbox\functions.php(14): require_once('C:\\Users\\Isabel...')
#2 C:\Users\Isabel\PhpstormProjects\wc_hocicosbox\wp-settings.php(528): include('C:\\Users\\Isabel...')
#3 C:\Users\Isabel\PhpstormProjects\wc_hocicosbox\wp-config.php(90): require_once('C:\\Users\\Isabel...')
#4 C:\Users\Isabel\PhpstormProjects\wc_hocicosbox\wp-load.php(37): require_once('C:\\Users\\Isabel...')
#5 C:\Users\Isabel\PhpstormProjects\wc_hocicosbox\wp-blog-header.php(13): require_once('C:\\Users\\Isabel...')
#6 C:\Users\Isabel\PhpstormProjects\wc_hocicosbox\index.php(17): require('C:\\Users\\Isabel...')
#7 {main}
  thrown en C:\Users\Isabel\PhpstormProjects\wc_hocicosbox\wp-content\themes\hocicosbox\inc\customizer\customizer-home\customizer-home-trades.php en la línea 298

2021-06-09T04:57:59+00:00 CRITICAL Uncaught Error: Class 'WP_Customize_Control' not found in C:\Users\Isabel\PhpstormProjects\wc_hocicosbox\wp-content\themes\hocicosbox\inc\customizer\customizer-home\customizer-home-trades.php:298
Stack trace:
#0 C:\Users\Isabel\PhpstormProjects\wc_hocicosbox\wp-content\themes\hocicosbox\inc\customizer\customizer.php(8): require_once()
#1 C:\Users\Isabel\PhpstormProjects\wc_hocicosbox\wp-content\themes\hocicosbox\functions.php(14): require_once('C:\\Users\\Isabel...')
#2 C:\Users\Isabel\PhpstormProjects\wc_hocicosbox\wp-settings.php(528): include('C:\\Users\\Isabel...')
#3 C:\Users\Isabel\PhpstormProjects\wc_hocicosbox\wp-config.php(90): require_once('C:\\Users\\Isabel...')
#4 C:\Users\Isabel\PhpstormProjects\wc_hocicosbox\wp-load.php(37): require_once('C:\\Users\\Isabel...')
#5 C:\Users\Isabel\PhpstormProjects\wc_hocicosbox\wp-blog-header.php(13): require_once('C:\\Users\\Isabel...')
#6 C:\Users\Isabel\PhpstormProjects\wc_hocicosbox\index.php(17): require('C:\\Users\\Isabel...')
#7 {main}
  thrown en C:\Users\Isabel\PhpstormProjects\wc_hocicosbox\wp-content\themes\hocicosbox\inc\customizer\customizer-home\customizer-home-trades.php en la línea 298

2021-06-09T04:58:00+00:00 CRITICAL Uncaught Error: Class 'WP_Customize_Control' not found in C:\Users\Isabel\PhpstormProjects\wc_hocicosbox\wp-content\themes\hocicosbox\inc\customizer\customizer-home\customizer-home-trades.php:298
Stack trace:
#0 C:\Users\Isabel\PhpstormProjects\wc_hocicosbox\wp-content\themes\hocicosbox\inc\customizer\customizer.php(8): require_once()
#1 C:\Users\Isabel\PhpstormProjects\wc_hocicosbox\wp-content\themes\hocicosbox\functions.php(14): require_once('C:\\Users\\Isabel...')
#2 C:\Users\Isabel\PhpstormProjects\wc_hocicosbox\wp-settings.php(528): include('C:\\Users\\Isabel...')
#3 C:\Users\Isabel\PhpstormProjects\wc_hocicosbox\wp-config.php(90): require_once('C:\\Users\\Isabel...')
#4 C:\Users\Isabel\PhpstormProjects\wc_hocicosbox\wp-load.php(37): require_once('C:\\Users\\Isabel...')
#5 C:\Users\Isabel\PhpstormProjects\wc_hocicosbox\wp-blog-header.php(13): require_once('C:\\Users\\Isabel...')
#6 C:\Users\Isabel\PhpstormProjects\wc_hocicosbox\index.php(17): require('C:\\Users\\Isabel...')
#7 {main}
  thrown en C:\Users\Isabel\PhpstormProjects\wc_hocicosbox\wp-content\themes\hocicosbox\inc\customizer\customizer-home\customizer-home-trades.php en la línea 298

2021-06-09T04:58:00+00:00 CRITICAL Uncaught Error: Class 'WP_Customize_Control' not found in C:\Users\Isabel\PhpstormProjects\wc_hocicosbox\wp-content\themes\hocicosbox\inc\customizer\customizer-home\customizer-home-trades.php:298
Stack trace:
#0 C:\Users\Isabel\PhpstormProjects\wc_hocicosbox\wp-content\themes\hocicosbox\inc\customizer\customizer.php(8): require_once()
#1 C:\Users\Isabel\PhpstormProjects\wc_hocicosbox\wp-content\themes\hocicosbox\functions.php(14): require_once('C:\\Users\\Isabel...')
#2 C:\Users\Isabel\PhpstormProjects\wc_hocicosbox\wp-settings.php(528): include('C:\\Users\\Isabel...')
#3 C:\Users\Isabel\PhpstormProjects\wc_hocicosbox\wp-config.php(90): require_once('C:\\Users\\Isabel...')
#4 C:\Users\Isabel\PhpstormProjects\wc_hocicosbox\wp-load.php(37): require_once('C:\\Users\\Isabel...')
#5 C:\Users\Isabel\PhpstormProjects\wc_hocicosbox\wp-blog-header.php(13): require_once('C:\\Users\\Isabel...')
#6 C:\Users\Isabel\PhpstormProjects\wc_hocicosbox\index.php(17): require('C:\\Users\\Isabel...')
#7 {main}
  thrown en C:\Users\Isabel\PhpstormProjects\wc_hocicosbox\wp-content\themes\hocicosbox\inc\customizer\customizer-home\customizer-home-trades.php en la línea 298

2021-06-09T04:58:00+00:00 CRITICAL Uncaught Error: Class 'WP_Customize_Control' not found in C:\Users\Isabel\PhpstormProjects\wc_hocicosbox\wp-content\themes\hocicosbox\inc\customizer\customizer-home\customizer-home-trades.php:298
Stack trace:
#0 C:\Users\Isabel\PhpstormProjects\wc_hocicosbox\wp-content\themes\hocicosbox\inc\customizer\customizer.php(8): require_once()
#1 C:\Users\Isabel\PhpstormProjects\wc_hocicosbox\wp-content\themes\hocicosbox\functions.php(14): require_once('C:\\Users\\Isabel...')
#2 C:\Users\Isabel\PhpstormProjects\wc_hocicosbox\wp-settings.php(528): include('C:\\Users\\Isabel...')
#3 C:\Users\Isabel\PhpstormProjects\wc_hocicosbox\wp-config.php(90): require_once('C:\\Users\\Isabel...')
#4 C:\Users\Isabel\PhpstormProjects\wc_hocicosbox\wp-load.php(37): require_once('C:\\Users\\Isabel...')
#5 C:\Users\Isabel\PhpstormProjects\wc_hocicosbox\wp-blog-header.php(13): require_once('C:\\Users\\Isabel...')
#6 C:\Users\Isabel\PhpstormProjects\wc_hocicosbox\index.php(17): require('C:\\Users\\Isabel...')
#7 {main}
  thrown en C:\Users\Isabel\PhpstormProjects\wc_hocicosbox\wp-content\themes\hocicosbox\inc\customizer\customizer-home\customizer-home-trades.php en la línea 298

2021-06-09T04:58:00+00:00 CRITICAL Uncaught Error: Class 'WP_Customize_Control' not found in C:\Users\Isabel\PhpstormProjects\wc_hocicosbox\wp-content\themes\hocicosbox\inc\customizer\customizer-home\customizer-home-trades.php:298
Stack trace:
#0 C:\Users\Isabel\PhpstormProjects\wc_hocicosbox\wp-content\themes\hocicosbox\inc\customizer\customizer.php(8): require_once()
#1 C:\Users\Isabel\PhpstormProjects\wc_hocicosbox\wp-content\themes\hocicosbox\functions.php(14): require_once('C:\\Users\\Isabel...')
#2 C:\Users\Isabel\PhpstormProjects\wc_hocicosbox\wp-settings.php(528): include('C:\\Users\\Isabel...')
#3 C:\Users\Isabel\PhpstormProjects\wc_hocicosbox\wp-config.php(90): require_once('C:\\Users\\Isabel...')
#4 C:\Users\Isabel\PhpstormProjects\wc_hocicosbox\wp-load.php(37): require_once('C:\\Users\\Isabel...')
#5 C:\Users\Isabel\PhpstormProjects\wc_hocicosbox\wp-blog-header.php(13): require_once('C:\\Users\\Isabel...')
#6 C:\Users\Isabel\PhpstormProjects\wc_hocicosbox\index.php(17): require('C:\\Users\\Isabel...')
#7 {main}
  thrown en C:\Users\Isabel\PhpstormProjects\wc_hocicosbox\wp-content\themes\hocicosbox\inc\customizer\customizer-home\customizer-home-trades.php en la línea 298

2021-06-09T04:59:00+00:00 CRITICAL Uncaught Error: Class 'WP_Customize_Control' not found in C:\Users\Isabel\PhpstormProjects\wc_hocicosbox\wp-content\themes\hocicosbox\inc\customizer\customizer-home\customizer-home-trades.php:298
Stack trace:
#0 C:\Users\Isabel\PhpstormProjects\wc_hocicosbox\wp-content\themes\hocicosbox\inc\customizer\customizer.php(8): require_once()
#1 C:\Users\Isabel\PhpstormProjects\wc_hocicosbox\wp-content\themes\hocicosbox\functions.php(14): require_once('C:\\Users\\Isabel...')
#2 C:\Users\Isabel\PhpstormProjects\wc_hocicosbox\wp-settings.php(528): include('C:\\Users\\Isabel...')
#3 C:\Users\Isabel\PhpstormProjects\wc_hocicosbox\wp-config.php(90): require_once('C:\\Users\\Isabel...')
#4 C:\Users\Isabel\PhpstormProjects\wc_hocicosbox\wp-load.php(37): require_once('C:\\Users\\Isabel...')
#5 C:\Users\Isabel\PhpstormProjects\wc_hocicosbox\wp-blog-header.php(13): require_once('C:\\Users\\Isabel...')
#6 C:\Users\Isabel\PhpstormProjects\wc_hocicosbox\index.php(17): require('C:\\Users\\Isabel...')
#7 {main}
  thrown en C:\Users\Isabel\PhpstormProjects\wc_hocicosbox\wp-content\themes\hocicosbox\inc\customizer\customizer-home\customizer-home-trades.php en la línea 298

2021-06-09T04:59:01+00:00 CRITICAL Uncaught Error: Class 'WP_Customize_Control' not found in C:\Users\Isabel\PhpstormProjects\wc_hocicosbox\wp-content\themes\hocicosbox\inc\customizer\customizer-home\customizer-home-trades.php:298
Stack trace:
#0 C:\Users\Isabel\PhpstormProjects\wc_hocicosbox\wp-content\themes\hocicosbox\inc\customizer\customizer.php(8): require_once()
#1 C:\Users\Isabel\PhpstormProjects\wc_hocicosbox\wp-content\themes\hocicosbox\functions.php(14): require_once('C:\\Users\\Isabel...')
#2 C:\Users\Isabel\PhpstormProjects\wc_hocicosbox\wp-settings.php(528): include('C:\\Users\\Isabel...')
#3 C:\Users\Isabel\PhpstormProjects\wc_hocicosbox\wp-config.php(90): require_once('C:\\Users\\Isabel...')
#4 C:\Users\Isabel\PhpstormProjects\wc_hocicosbox\wp-load.php(37): require_once('C:\\Users\\Isabel...')
#5 C:\Users\Isabel\PhpstormProjects\wc_hocicosbox\wp-blog-header.php(13): require_once('C:\\Users\\Isabel...')
#6 C:\Users\Isabel\PhpstormProjects\wc_hocicosbox\index.php(17): require('C:\\Users\\Isabel...')
#7 {main}
  thrown en C:\Users\Isabel\PhpstormProjects\wc_hocicosbox\wp-content\themes\hocicosbox\inc\customizer\customizer-home\customizer-home-trades.php en la línea 298

2021-06-09T04:59:02+00:00 CRITICAL Uncaught Error: Class 'WP_Customize_Control' not found in C:\Users\Isabel\PhpstormProjects\wc_hocicosbox\wp-content\themes\hocicosbox\inc\customizer\customizer-home\customizer-home-trades.php:298
Stack trace:
#0 C:\Users\Isabel\PhpstormProjects\wc_hocicosbox\wp-content\themes\hocicosbox\inc\customizer\customizer.php(8): require_once()
#1 C:\Users\Isabel\PhpstormProjects\wc_hocicosbox\wp-content\themes\hocicosbox\functions.php(14): require_once('C:\\Users\\Isabel...')
#2 C:\Users\Isabel\PhpstormProjects\wc_hocicosbox\wp-settings.php(528): include('C:\\Users\\Isabel...')
#3 C:\Users\Isabel\PhpstormProjects\wc_hocicosbox\wp-config.php(90): require_once('C:\\Users\\Isabel...')
#4 C:\Users\Isabel\PhpstormProjects\wc_hocicosbox\wp-load.php(37): require_once('C:\\Users\\Isabel...')
#5 C:\Users\Isabel\PhpstormProjects\wc_hocicosbox\wp-blog-header.php(13): require_once('C:\\Users\\Isabel...')
#6 C:\Users\Isabel\PhpstormProjects\wc_hocicosbox\index.php(17): require('C:\\Users\\Isabel...')
#7 {main}
  thrown en C:\Users\Isabel\PhpstormProjects\wc_hocicosbox\wp-content\themes\hocicosbox\inc\customizer\customizer-home\customizer-home-trades.php en la línea 298

2021-06-09T04:59:02+00:00 CRITICAL Uncaught Error: Class 'WP_Customize_Control' not found in C:\Users\Isabel\PhpstormProjects\wc_hocicosbox\wp-content\themes\hocicosbox\inc\customizer\customizer-home\customizer-home-trades.php:298
Stack trace:
#0 C:\Users\Isabel\PhpstormProjects\wc_hocicosbox\wp-content\themes\hocicosbox\inc\customizer\customizer.php(8): require_once()
#1 C:\Users\Isabel\PhpstormProjects\wc_hocicosbox\wp-content\themes\hocicosbox\functions.php(14): require_once('C:\\Users\\Isabel...')
#2 C:\Users\Isabel\PhpstormProjects\wc_hocicosbox\wp-settings.php(528): include('C:\\Users\\Isabel...')
#3 C:\Users\Isabel\PhpstormProjects\wc_hocicosbox\wp-config.php(90): require_once('C:\\Users\\Isabel...')
#4 C:\Users\Isabel\PhpstormProjects\wc_hocicosbox\wp-load.php(37): require_once('C:\\Users\\Isabel...')
#5 C:\Users\Isabel\PhpstormProjects\wc_hocicosbox\wp-blog-header.php(13): require_once('C:\\Users\\Isabel...')
#6 C:\Users\Isabel\PhpstormProjects\wc_hocicosbox\index.php(17): require('C:\\Users\\Isabel...')
#7 {main}
  thrown en C:\Users\Isabel\PhpstormProjects\wc_hocicosbox\wp-content\themes\hocicosbox\inc\customizer\customizer-home\customizer-home-trades.php en la línea 298

2021-06-09T04:59:02+00:00 CRITICAL Uncaught Error: Class 'WP_Customize_Control' not found in C:\Users\Isabel\PhpstormProjects\wc_hocicosbox\wp-content\themes\hocicosbox\inc\customizer\customizer-home\customizer-home-trades.php:298
Stack trace:
#0 C:\Users\Isabel\PhpstormProjects\wc_hocicosbox\wp-content\themes\hocicosbox\inc\customizer\customizer.php(8): require_once()
#1 C:\Users\Isabel\PhpstormProjects\wc_hocicosbox\wp-content\themes\hocicosbox\functions.php(14): require_once('C:\\Users\\Isabel...')
#2 C:\Users\Isabel\PhpstormProjects\wc_hocicosbox\wp-settings.php(528): include('C:\\Users\\Isabel...')
#3 C:\Users\Isabel\PhpstormProjects\wc_hocicosbox\wp-config.php(90): require_once('C:\\Users\\Isabel...')
#4 C:\Users\Isabel\PhpstormProjects\wc_hocicosbox\wp-load.php(37): require_once('C:\\Users\\Isabel...')
#5 C:\Users\Isabel\PhpstormProjects\wc_hocicosbox\wp-blog-header.php(13): require_once('C:\\Users\\Isabel...')
#6 C:\Users\Isabel\PhpstormProjects\wc_hocicosbox\index.php(17): require('C:\\Users\\Isabel...')
#7 {main}
  thrown en C:\Users\Isabel\PhpstormProjects\wc_hocicosbox\wp-content\themes\hocicosbox\inc\customizer\customizer-home\customizer-home-trades.php en la línea 298

2021-06-09T04:59:02+00:00 CRITICAL Uncaught Error: Class 'WP_Customize_Control' not found in C:\Users\Isabel\PhpstormProjects\wc_hocicosbox\wp-content\themes\hocicosbox\inc\customizer\customizer-home\customizer-home-trades.php:298
Stack trace:
#0 C:\Users\Isabel\PhpstormProjects\wc_hocicosbox\wp-content\themes\hocicosbox\inc\customizer\customizer.php(8): require_once()
#1 C:\Users\Isabel\PhpstormProjects\wc_hocicosbox\wp-content\themes\hocicosbox\functions.php(14): require_once('C:\\Users\\Isabel...')
#2 C:\Users\Isabel\PhpstormProjects\wc_hocicosbox\wp-settings.php(528): include('C:\\Users\\Isabel...')
#3 C:\Users\Isabel\PhpstormProjects\wc_hocicosbox\wp-config.php(90): require_once('C:\\Users\\Isabel...')
#4 C:\Users\Isabel\PhpstormProjects\wc_hocicosbox\wp-load.php(37): require_once('C:\\Users\\Isabel...')
#5 C:\Users\Isabel\PhpstormProjects\wc_hocicosbox\wp-blog-header.php(13): require_once('C:\\Users\\Isabel...')
#6 C:\Users\Isabel\PhpstormProjects\wc_hocicosbox\index.php(17): require('C:\\Users\\Isabel...')
#7 {main}
  thrown en C:\Users\Isabel\PhpstormProjects\wc_hocicosbox\wp-content\themes\hocicosbox\inc\customizer\customizer-home\customizer-home-trades.php en la línea 298

2021-06-09T04:59:29+00:00 CRITICAL Uncaught Error: Class 'WP_Customize_Control' not found in C:\Users\Isabel\PhpstormProjects\wc_hocicosbox\wp-content\themes\hocicosbox\inc\customizer\customizer-home\customizer-home-trades.php:298
Stack trace:
#0 C:\Users\Isabel\PhpstormProjects\wc_hocicosbox\wp-content\themes\hocicosbox\inc\customizer\customizer.php(8): require_once()
#1 C:\Users\Isabel\PhpstormProjects\wc_hocicosbox\wp-content\themes\hocicosbox\functions.php(14): require_once('C:\\Users\\Isabel...')
#2 C:\Users\Isabel\PhpstormProjects\wc_hocicosbox\wp-settings.php(528): include('C:\\Users\\Isabel...')
#3 C:\Users\Isabel\PhpstormProjects\wc_hocicosbox\wp-config.php(90): require_once('C:\\Users\\Isabel...')
#4 C:\Users\Isabel\PhpstormProjects\wc_hocicosbox\wp-load.php(37): require_once('C:\\Users\\Isabel...')
#5 C:\Users\Isabel\PhpstormProjects\wc_hocicosbox\wp-blog-header.php(13): require_once('C:\\Users\\Isabel...')
#6 C:\Users\Isabel\PhpstormProjects\wc_hocicosbox\index.php(17): require('C:\\Users\\Isabel...')
#7 {main}
  thrown en C:\Users\Isabel\PhpstormProjects\wc_hocicosbox\wp-content\themes\hocicosbox\inc\customizer\customizer-home\customizer-home-trades.php en la línea 298

2021-06-09T04:59:29+00:00 CRITICAL Uncaught Error: Class 'WP_Customize_Control' not found in C:\Users\Isabel\PhpstormProjects\wc_hocicosbox\wp-content\themes\hocicosbox\inc\customizer\customizer-home\customizer-home-trades.php:298
Stack trace:
#0 C:\Users\Isabel\PhpstormProjects\wc_hocicosbox\wp-content\themes\hocicosbox\inc\customizer\customizer.php(8): require_once()
#1 C:\Users\Isabel\PhpstormProjects\wc_hocicosbox\wp-content\themes\hocicosbox\functions.php(14): require_once('C:\\Users\\Isabel...')
#2 C:\Users\Isabel\PhpstormProjects\wc_hocicosbox\wp-settings.php(528): include('C:\\Users\\Isabel...')
#3 C:\Users\Isabel\PhpstormProjects\wc_hocicosbox\wp-config.php(90): require_once('C:\\Users\\Isabel...')
#4 C:\Users\Isabel\PhpstormProjects\wc_hocicosbox\wp-load.php(37): require_once('C:\\Users\\Isabel...')
#5 C:\Users\Isabel\PhpstormProjects\wc_hocicosbox\wp-blog-header.php(13): require_once('C:\\Users\\Isabel...')
#6 C:\Users\Isabel\PhpstormProjects\wc_hocicosbox\index.php(17): require('C:\\Users\\Isabel...')
#7 {main}
  thrown en C:\Users\Isabel\PhpstormProjects\wc_hocicosbox\wp-content\themes\hocicosbox\inc\customizer\customizer-home\customizer-home-trades.php en la línea 298

2021-06-09T04:59:29+00:00 CRITICAL Uncaught Error: Class 'WP_Customize_Control' not found in C:\Users\Isabel\PhpstormProjects\wc_hocicosbox\wp-content\themes\hocicosbox\inc\customizer\customizer-home\customizer-home-trades.php:298
Stack trace:
#0 C:\Users\Isabel\PhpstormProjects\wc_hocicosbox\wp-content\themes\hocicosbox\inc\customizer\customizer.php(8): require_once()
#1 C:\Users\Isabel\PhpstormProjects\wc_hocicosbox\wp-content\themes\hocicosbox\functions.php(14): require_once('C:\\Users\\Isabel...')
#2 C:\Users\Isabel\PhpstormProjects\wc_hocicosbox\wp-settings.php(528): include('C:\\Users\\Isabel...')
#3 C:\Users\Isabel\PhpstormProjects\wc_hocicosbox\wp-config.php(90): require_once('C:\\Users\\Isabel...')
#4 C:\Users\Isabel\PhpstormProjects\wc_hocicosbox\wp-load.php(37): require_once('C:\\Users\\Isabel...')
#5 C:\Users\Isabel\PhpstormProjects\wc_hocicosbox\wp-blog-header.php(13): require_once('C:\\Users\\Isabel...')
#6 C:\Users\Isabel\PhpstormProjects\wc_hocicosbox\index.php(17): require('C:\\Users\\Isabel...')
#7 {main}
  thrown en C:\Users\Isabel\PhpstormProjects\wc_hocicosbox\wp-content\themes\hocicosbox\inc\customizer\customizer-home\customizer-home-trades.php en la línea 298

2021-06-09T04:59:30+00:00 CRITICAL Uncaught Error: Class 'WP_Customize_Control' not found in C:\Users\Isabel\PhpstormProjects\wc_hocicosbox\wp-content\themes\hocicosbox\inc\customizer\customizer-home\customizer-home-trades.php:298
Stack trace:
#0 C:\Users\Isabel\PhpstormProjects\wc_hocicosbox\wp-content\themes\hocicosbox\inc\customizer\customizer.php(8): require_once()
#1 C:\Users\Isabel\PhpstormProjects\wc_hocicosbox\wp-content\themes\hocicosbox\functions.php(14): require_once('C:\\Users\\Isabel...')
#2 C:\Users\Isabel\PhpstormProjects\wc_hocicosbox\wp-settings.php(528): include('C:\\Users\\Isabel...')
#3 C:\Users\Isabel\PhpstormProjects\wc_hocicosbox\wp-config.php(90): require_once('C:\\Users\\Isabel...')
#4 C:\Users\Isabel\PhpstormProjects\wc_hocicosbox\wp-load.php(37): require_once('C:\\Users\\Isabel...')
#5 C:\Users\Isabel\PhpstormProjects\wc_hocicosbox\wp-blog-header.php(13): require_once('C:\\Users\\Isabel...')
#6 C:\Users\Isabel\PhpstormProjects\wc_hocicosbox\index.php(17): require('C:\\Users\\Isabel...')
#7 {main}
  thrown en C:\Users\Isabel\PhpstormProjects\wc_hocicosbox\wp-content\themes\hocicosbox\inc\customizer\customizer-home\customizer-home-trades.php en la línea 298

2021-06-09T15:50:54+00:00 CRITICAL Uncaught Error: Class 'WP_Customize_Control' not found in C:\Users\Isabel\PhpstormProjects\wc_hocicosbox\wp-content\themes\hocicosbox\inc\customizer\customizer-home\customizer-home-trades.php:298
Stack trace:
#0 C:\Users\Isabel\PhpstormProjects\wc_hocicosbox\wp-content\themes\hocicosbox\inc\customizer\customizer.php(8): require_once()
#1 C:\Users\Isabel\PhpstormProjects\wc_hocicosbox\wp-content\themes\hocicosbox\functions.php(14): require_once('C:\\Users\\Isabel...')
#2 C:\Users\Isabel\PhpstormProjects\wc_hocicosbox\wp-settings.php(528): include('C:\\Users\\Isabel...')
#3 C:\Users\Isabel\PhpstormProjects\wc_hocicosbox\wp-config.php(90): require_once('C:\\Users\\Isabel...')
#4 C:\Users\Isabel\PhpstormProjects\wc_hocicosbox\wp-load.php(37): require_once('C:\\Users\\Isabel...')
#5 C:\Users\Isabel\PhpstormProjects\wc_hocicosbox\wp-blog-header.php(13): require_once('C:\\Users\\Isabel...')
#6 C:\Users\Isabel\PhpstormProjects\wc_hocicosbox\index.php(17): require('C:\\Users\\Isabel...')
#7 {main}
  thrown en C:\Users\Isabel\PhpstormProjects\wc_hocicosbox\wp-content\themes\hocicosbox\inc\customizer\customizer-home\customizer-home-trades.php en la línea 298

2021-06-09T15:50:55+00:00 CRITICAL Uncaught Error: Class 'WP_Customize_Control' not found in C:\Users\Isabel\PhpstormProjects\wc_hocicosbox\wp-content\themes\hocicosbox\inc\customizer\customizer-home\customizer-home-trades.php:298
Stack trace:
#0 C:\Users\Isabel\PhpstormProjects\wc_hocicosbox\wp-content\themes\hocicosbox\inc\customizer\customizer.php(8): require_once()
#1 C:\Users\Isabel\PhpstormProjects\wc_hocicosbox\wp-content\themes\hocicosbox\functions.php(14): require_once('C:\\Users\\Isabel...')
#2 C:\Users\Isabel\PhpstormProjects\wc_hocicosbox\wp-settings.php(528): include('C:\\Users\\Isabel...')
#3 C:\Users\Isabel\PhpstormProjects\wc_hocicosbox\wp-config.php(90): require_once('C:\\Users\\Isabel...')
#4 C:\Users\Isabel\PhpstormProjects\wc_hocicosbox\wp-load.php(37): require_once('C:\\Users\\Isabel...')
#5 C:\Users\Isabel\PhpstormProjects\wc_hocicosbox\wp-blog-header.php(13): require_once('C:\\Users\\Isabel...')
#6 C:\Users\Isabel\PhpstormProjects\wc_hocicosbox\index.php(17): require('C:\\Users\\Isabel...')
#7 {main}
  thrown en C:\Users\Isabel\PhpstormProjects\wc_hocicosbox\wp-content\themes\hocicosbox\inc\customizer\customizer-home\customizer-home-trades.php en la línea 298

2021-06-09T15:50:55+00:00 CRITICAL Uncaught Error: Class 'WP_Customize_Control' not found in C:\Users\Isabel\PhpstormProjects\wc_hocicosbox\wp-content\themes\hocicosbox\inc\customizer\customizer-home\customizer-home-trades.php:298
Stack trace:
#0 C:\Users\Isabel\PhpstormProjects\wc_hocicosbox\wp-content\themes\hocicosbox\inc\customizer\customizer.php(8): require_once()
#1 C:\Users\Isabel\PhpstormProjects\wc_hocicosbox\wp-content\themes\hocicosbox\functions.php(14): require_once('C:\\Users\\Isabel...')
#2 C:\Users\Isabel\PhpstormProjects\wc_hocicosbox\wp-settings.php(528): include('C:\\Users\\Isabel...')
#3 C:\Users\Isabel\PhpstormProjects\wc_hocicosbox\wp-config.php(90): require_once('C:\\Users\\Isabel...')
#4 C:\Users\Isabel\PhpstormProjects\wc_hocicosbox\wp-load.php(37): require_once('C:\\Users\\Isabel...')
#5 C:\Users\Isabel\PhpstormProjects\wc_hocicosbox\wp-blog-header.php(13): require_once('C:\\Users\\Isabel...')
#6 C:\Users\Isabel\PhpstormProjects\wc_hocicosbox\index.php(17): require('C:\\Users\\Isabel...')
#7 {main}
  thrown en C:\Users\Isabel\PhpstormProjects\wc_hocicosbox\wp-content\themes\hocicosbox\inc\customizer\customizer-home\customizer-home-trades.php en la línea 298

2021-06-09T15:52:02+00:00 CRITICAL Uncaught Error: Class 'WP_Customize_Control' not found in C:\Users\Isabel\PhpstormProjects\wc_hocicosbox\wp-content\themes\hocicosbox\inc\customizer\customizer-home\customizer-home-trades.php:298
Stack trace:
#0 C:\Users\Isabel\PhpstormProjects\wc_hocicosbox\wp-content\themes\hocicosbox\inc\customizer\customizer.php(8): require_once()
#1 C:\Users\Isabel\PhpstormProjects\wc_hocicosbox\wp-content\themes\hocicosbox\functions.php(14): require_once('C:\\Users\\Isabel...')
#2 C:\Users\Isabel\PhpstormProjects\wc_hocicosbox\wp-settings.php(528): include('C:\\Users\\Isabel...')
#3 C:\Users\Isabel\PhpstormProjects\wc_hocicosbox\wp-config.php(90): require_once('C:\\Users\\Isabel...')
#4 C:\Users\Isabel\PhpstormProjects\wc_hocicosbox\wp-load.php(37): require_once('C:\\Users\\Isabel...')
#5 C:\Users\Isabel\PhpstormProjects\wc_hocicosbox\wp-blog-header.php(13): require_once('C:\\Users\\Isabel...')
#6 C:\Users\Isabel\PhpstormProjects\wc_hocicosbox\index.php(17): require('C:\\Users\\Isabel...')
#7 {main}
  thrown en C:\Users\Isabel\PhpstormProjects\wc_hocicosbox\wp-content\themes\hocicosbox\inc\customizer\customizer-home\customizer-home-trades.php en la línea 298

2021-06-09T15:52:03+00:00 CRITICAL Uncaught Error: Class 'WP_Customize_Control' not found in C:\Users\Isabel\PhpstormProjects\wc_hocicosbox\wp-content\themes\hocicosbox\inc\customizer\customizer-home\customizer-home-trades.php:298
Stack trace:
#0 C:\Users\Isabel\PhpstormProjects\wc_hocicosbox\wp-content\themes\hocicosbox\inc\customizer\customizer.php(8): require_once()
#1 C:\Users\Isabel\PhpstormProjects\wc_hocicosbox\wp-content\themes\hocicosbox\functions.php(14): require_once('C:\\Users\\Isabel...')
#2 C:\Users\Isabel\PhpstormProjects\wc_hocicosbox\wp-settings.php(528): include('C:\\Users\\Isabel...')
#3 C:\Users\Isabel\PhpstormProjects\wc_hocicosbox\wp-config.php(90): require_once('C:\\Users\\Isabel...')
#4 C:\Users\Isabel\PhpstormProjects\wc_hocicosbox\wp-load.php(37): require_once('C:\\Users\\Isabel...')
#5 C:\Users\Isabel\PhpstormProjects\wc_hocicosbox\wp-blog-header.php(13): require_once('C:\\Users\\Isabel...')
#6 C:\Users\Isabel\PhpstormProjects\wc_hocicosbox\index.php(17): require('C:\\Users\\Isabel...')
#7 {main}
  thrown en C:\Users\Isabel\PhpstormProjects\wc_hocicosbox\wp-content\themes\hocicosbox\inc\customizer\customizer-home\customizer-home-trades.php en la línea 298

2021-06-09T16:00:48+00:00 CRITICAL Uncaught Error: Class 'WP_Customize_Control' not found in C:\Users\Isabel\PhpstormProjects\wc_hocicosbox\wp-content\themes\hocicosbox\inc\customizer\customizer-home\customizer-home-trades.php:298
Stack trace:
#0 C:\Users\Isabel\PhpstormProjects\wc_hocicosbox\wp-content\themes\hocicosbox\inc\customizer\customizer.php(9): require_once()
#1 C:\Users\Isabel\PhpstormProjects\wc_hocicosbox\wp-content\themes\hocicosbox\functions.php(14): require_once('C:\\Users\\Isabel...')
#2 C:\Users\Isabel\PhpstormProjects\wc_hocicosbox\wp-settings.php(528): include('C:\\Users\\Isabel...')
#3 C:\Users\Isabel\PhpstormProjects\wc_hocicosbox\wp-config.php(90): require_once('C:\\Users\\Isabel...')
#4 C:\Users\Isabel\PhpstormProjects\wc_hocicosbox\wp-load.php(37): require_once('C:\\Users\\Isabel...')
#5 C:\Users\Isabel\PhpstormProjects\wc_hocicosbox\wp-blog-header.php(13): require_once('C:\\Users\\Isabel...')
#6 C:\Users\Isabel\PhpstormProjects\wc_hocicosbox\index.php(17): require('C:\\Users\\Isabel...')
#7 {main}
  thrown en C:\Users\Isabel\PhpstormProjects\wc_hocicosbox\wp-content\themes\hocicosbox\inc\customizer\customizer-home\customizer-home-trades.php en la línea 298

2021-06-09T16:00:49+00:00 CRITICAL Uncaught Error: Class 'WP_Customize_Control' not found in C:\Users\Isabel\PhpstormProjects\wc_hocicosbox\wp-content\themes\hocicosbox\inc\customizer\customizer-home\customizer-home-trades.php:298
Stack trace:
#0 C:\Users\Isabel\PhpstormProjects\wc_hocicosbox\wp-content\themes\hocicosbox\inc\customizer\customizer.php(9): require_once()
#1 C:\Users\Isabel\PhpstormProjects\wc_hocicosbox\wp-content\themes\hocicosbox\functions.php(14): require_once('C:\\Users\\Isabel...')
#2 C:\Users\Isabel\PhpstormProjects\wc_hocicosbox\wp-settings.php(528): include('C:\\Users\\Isabel...')
#3 C:\Users\Isabel\PhpstormProjects\wc_hocicosbox\wp-config.php(90): require_once('C:\\Users\\Isabel...')
#4 C:\Users\Isabel\PhpstormProjects\wc_hocicosbox\wp-load.php(37): require_once('C:\\Users\\Isabel...')
#5 C:\Users\Isabel\PhpstormProjects\wc_hocicosbox\wp-blog-header.php(13): require_once('C:\\Users\\Isabel...')
#6 C:\Users\Isabel\PhpstormProjects\wc_hocicosbox\index.php(17): require('C:\\Users\\Isabel...')
#7 {main}
  thrown en C:\Users\Isabel\PhpstormProjects\wc_hocicosbox\wp-content\themes\hocicosbox\inc\customizer\customizer-home\customizer-home-trades.php en la línea 298

2021-06-09T16:02:17+00:00 CRITICAL Uncaught Error: Class 'WP_Customize_Control' not found in C:\Users\Isabel\PhpstormProjects\wc_hocicosbox\wp-content\themes\hocicosbox\inc\customizer\customizer-home\customizer-home-trades.php:298
Stack trace:
#0 C:\Users\Isabel\PhpstormProjects\wc_hocicosbox\wp-content\themes\hocicosbox\inc\customizer\customizer.php(9): require_once()
#1 C:\Users\Isabel\PhpstormProjects\wc_hocicosbox\wp-content\themes\hocicosbox\functions.php(14): require_once('C:\\Users\\Isabel...')
#2 C:\Users\Isabel\PhpstormProjects\wc_hocicosbox\wp-settings.php(528): include('C:\\Users\\Isabel...')
#3 C:\Users\Isabel\PhpstormProjects\wc_hocicosbox\wp-config.php(90): require_once('C:\\Users\\Isabel...')
#4 C:\Users\Isabel\PhpstormProjects\wc_hocicosbox\wp-load.php(37): require_once('C:\\Users\\Isabel...')
#5 C:\Users\Isabel\PhpstormProjects\wc_hocicosbox\wp-blog-header.php(13): require_once('C:\\Users\\Isabel...')
#6 C:\Users\Isabel\PhpstormProjects\wc_hocicosbox\index.php(17): require('C:\\Users\\Isabel...')
#7 {main}
  thrown en C:\Users\Isabel\PhpstormProjects\wc_hocicosbox\wp-content\themes\hocicosbox\inc\customizer\customizer-home\customizer-home-trades.php en la línea 298

2021-06-09T16:02:17+00:00 CRITICAL Uncaught Error: Class 'WP_Customize_Control' not found in C:\Users\Isabel\PhpstormProjects\wc_hocicosbox\wp-content\themes\hocicosbox\inc\customizer\customizer-home\customizer-home-trades.php:298
Stack trace:
#0 C:\Users\Isabel\PhpstormProjects\wc_hocicosbox\wp-content\themes\hocicosbox\inc\customizer\customizer.php(9): require_once()
#1 C:\Users\Isabel\PhpstormProjects\wc_hocicosbox\wp-content\themes\hocicosbox\functions.php(14): require_once('C:\\Users\\Isabel...')
#2 C:\Users\Isabel\PhpstormProjects\wc_hocicosbox\wp-settings.php(528): include('C:\\Users\\Isabel...')
#3 C:\Users\Isabel\PhpstormProjects\wc_hocicosbox\wp-config.php(90): require_once('C:\\Users\\Isabel...')
#4 C:\Users\Isabel\PhpstormProjects\wc_hocicosbox\wp-load.php(37): require_once('C:\\Users\\Isabel...')
#5 C:\Users\Isabel\PhpstormProjects\wc_hocicosbox\wp-blog-header.php(13): require_once('C:\\Users\\Isabel...')
#6 C:\Users\Isabel\PhpstormProjects\wc_hocicosbox\index.php(17): require('C:\\Users\\Isabel...')
#7 {main}
  thrown en C:\Users\Isabel\PhpstormProjects\wc_hocicosbox\wp-content\themes\hocicosbox\inc\customizer\customizer-home\customizer-home-trades.php en la línea 298

2021-06-09T16:02:37+00:00 CRITICAL require_once(): Failed opening required '/wp-includes/class-phpass.php' (include_path='.;C:/laragon/etc/php/pear') en C:\Users\Isabel\PhpstormProjects\wc_hocicosbox\wp-content\themes\hocicosbox\inc\customizer\customizer.php en la línea 7

2021-06-09T16:02:37+00:00 CRITICAL require_once(): Failed opening required '/wp-includes/class-phpass.php' (include_path='.;C:/laragon/etc/php/pear') en C:\Users\Isabel\PhpstormProjects\wc_hocicosbox\wp-content\themes\hocicosbox\inc\customizer\customizer.php en la línea 7

2021-06-09T16:03:04+00:00 CRITICAL Uncaught Error: Class 'WP_Customize_Control' not found in C:\Users\Isabel\PhpstormProjects\wc_hocicosbox\wp-content\themes\hocicosbox\inc\customizer\customizer-home\customizer-home-trades.php:298
Stack trace:
#0 C:\Users\Isabel\PhpstormProjects\wc_hocicosbox\wp-content\themes\hocicosbox\inc\customizer\customizer.php(9): require_once()
#1 C:\Users\Isabel\PhpstormProjects\wc_hocicosbox\wp-content\themes\hocicosbox\functions.php(14): require_once('C:\\Users\\Isabel...')
#2 C:\Users\Isabel\PhpstormProjects\wc_hocicosbox\wp-settings.php(528): include('C:\\Users\\Isabel...')
#3 C:\Users\Isabel\PhpstormProjects\wc_hocicosbox\wp-config.php(90): require_once('C:\\Users\\Isabel...')
#4 C:\Users\Isabel\PhpstormProjects\wc_hocicosbox\wp-load.php(37): require_once('C:\\Users\\Isabel...')
#5 C:\Users\Isabel\PhpstormProjects\wc_hocicosbox\wp-blog-header.php(13): require_once('C:\\Users\\Isabel...')
#6 C:\Users\Isabel\PhpstormProjects\wc_hocicosbox\index.php(17): require('C:\\Users\\Isabel...')
#7 {main}
  thrown en C:\Users\Isabel\PhpstormProjects\wc_hocicosbox\wp-content\themes\hocicosbox\inc\customizer\customizer-home\customizer-home-trades.php en la línea 298

2021-06-09T16:03:04+00:00 CRITICAL Uncaught Error: Class 'WP_Customize_Control' not found in C:\Users\Isabel\PhpstormProjects\wc_hocicosbox\wp-content\themes\hocicosbox\inc\customizer\customizer-home\customizer-home-trades.php:298
Stack trace:
#0 C:\Users\Isabel\PhpstormProjects\wc_hocicosbox\wp-content\themes\hocicosbox\inc\customizer\customizer.php(9): require_once()
#1 C:\Users\Isabel\PhpstormProjects\wc_hocicosbox\wp-content\themes\hocicosbox\functions.php(14): require_once('C:\\Users\\Isabel...')
#2 C:\Users\Isabel\PhpstormProjects\wc_hocicosbox\wp-settings.php(528): include('C:\\Users\\Isabel...')
#3 C:\Users\Isabel\PhpstormProjects\wc_hocicosbox\wp-config.php(90): require_once('C:\\Users\\Isabel...')
#4 C:\Users\Isabel\PhpstormProjects\wc_hocicosbox\wp-load.php(37): require_once('C:\\Users\\Isabel...')
#5 C:\Users\Isabel\PhpstormProjects\wc_hocicosbox\wp-blog-header.php(13): require_once('C:\\Users\\Isabel...')
#6 C:\Users\Isabel\PhpstormProjects\wc_hocicosbox\index.php(17): require('C:\\Users\\Isabel...')
#7 {main}
  thrown en C:\Users\Isabel\PhpstormProjects\wc_hocicosbox\wp-content\themes\hocicosbox\inc\customizer\customizer-home\customizer-home-trades.php en la línea 298

2021-06-09T16:04:07+00:00 CRITICAL Uncaught Error: Call to undefined function get_current_site() in C:\Users\Isabel\PhpstormProjects\wc_hocicosbox\wp-content\themes\hocicosbox\inc\customizer\customizer.php:7
Stack trace:
#0 C:\Users\Isabel\PhpstormProjects\wc_hocicosbox\wp-content\themes\hocicosbox\functions.php(14): require_once()
#1 C:\Users\Isabel\PhpstormProjects\wc_hocicosbox\wp-settings.php(528): include('C:\\Users\\Isabel...')
#2 C:\Users\Isabel\PhpstormProjects\wc_hocicosbox\wp-config.php(90): require_once('C:\\Users\\Isabel...')
#3 C:\Users\Isabel\PhpstormProjects\wc_hocicosbox\wp-load.php(37): require_once('C:\\Users\\Isabel...')
#4 C:\Users\Isabel\PhpstormProjects\wc_hocicosbox\wp-blog-header.php(13): require_once('C:\\Users\\Isabel...')
#5 C:\Users\Isabel\PhpstormProjects\wc_hocicosbox\index.php(17): require('C:\\Users\\Isabel...')
#6 {main}
  thrown en C:\Users\Isabel\PhpstormProjects\wc_hocicosbox\wp-content\themes\hocicosbox\inc\customizer\customizer.php en la línea 7

2021-06-09T16:04:07+00:00 CRITICAL Uncaught Error: Call to undefined function get_current_site() in C:\Users\Isabel\PhpstormProjects\wc_hocicosbox\wp-content\themes\hocicosbox\inc\customizer\customizer.php:7
Stack trace:
#0 C:\Users\Isabel\PhpstormProjects\wc_hocicosbox\wp-content\themes\hocicosbox\functions.php(14): require_once()
#1 C:\Users\Isabel\PhpstormProjects\wc_hocicosbox\wp-settings.php(528): include('C:\\Users\\Isabel...')
#2 C:\Users\Isabel\PhpstormProjects\wc_hocicosbox\wp-config.php(90): require_once('C:\\Users\\Isabel...')
#3 C:\Users\Isabel\PhpstormProjects\wc_hocicosbox\wp-load.php(37): require_once('C:\\Users\\Isabel...')
#4 C:\Users\Isabel\PhpstormProjects\wc_hocicosbox\wp-blog-header.php(13): require_once('C:\\Users\\Isabel...')
#5 C:\Users\Isabel\PhpstormProjects\wc_hocicosbox\index.php(17): require('C:\\Users\\Isabel...')
#6 {main}
  thrown en C:\Users\Isabel\PhpstormProjects\wc_hocicosbox\wp-content\themes\hocicosbox\inc\customizer\customizer.php en la línea 7

2021-06-09T16:05:39+00:00 CRITICAL Uncaught Error: Class 'WP_Customize_Control' not found in C:\Users\Isabel\PhpstormProjects\wc_hocicosbox\wp-content\themes\hocicosbox\inc\customizer\customizer-home\customizer-home-trades.php:298
Stack trace:
#0 C:\Users\Isabel\PhpstormProjects\wc_hocicosbox\wp-content\themes\hocicosbox\inc\customizer\customizer.php(9): require_once()
#1 C:\Users\Isabel\PhpstormProjects\wc_hocicosbox\wp-content\themes\hocicosbox\functions.php(14): require_once('C:\\Users\\Isabel...')
#2 C:\Users\Isabel\PhpstormProjects\wc_hocicosbox\wp-settings.php(528): include('C:\\Users\\Isabel...')
#3 C:\Users\Isabel\PhpstormProjects\wc_hocicosbox\wp-config.php(90): require_once('C:\\Users\\Isabel...')
#4 C:\Users\Isabel\PhpstormProjects\wc_hocicosbox\wp-load.php(37): require_once('C:\\Users\\Isabel...')
#5 C:\Users\Isabel\PhpstormProjects\wc_hocicosbox\wp-blog-header.php(13): require_once('C:\\Users\\Isabel...')
#6 C:\Users\Isabel\PhpstormProjects\wc_hocicosbox\index.php(17): require('C:\\Users\\Isabel...')
#7 {main}
  thrown en C:\Users\Isabel\PhpstormProjects\wc_hocicosbox\wp-content\themes\hocicosbox\inc\customizer\customizer-home\customizer-home-trades.php en la línea 298

2021-06-09T16:05:39+00:00 CRITICAL Uncaught Error: Class 'WP_Customize_Control' not found in C:\Users\Isabel\PhpstormProjects\wc_hocicosbox\wp-content\themes\hocicosbox\inc\customizer\customizer-home\customizer-home-trades.php:298
Stack trace:
#0 C:\Users\Isabel\PhpstormProjects\wc_hocicosbox\wp-content\themes\hocicosbox\inc\customizer\customizer.php(9): require_once()
#1 C:\Users\Isabel\PhpstormProjects\wc_hocicosbox\wp-content\themes\hocicosbox\functions.php(14): require_once('C:\\Users\\Isabel...')
#2 C:\Users\Isabel\PhpstormProjects\wc_hocicosbox\wp-settings.php(528): include('C:\\Users\\Isabel...')
#3 C:\Users\Isabel\PhpstormProjects\wc_hocicosbox\wp-config.php(90): require_once('C:\\Users\\Isabel...')
#4 C:\Users\Isabel\PhpstormProjects\wc_hocicosbox\wp-load.php(37): require_once('C:\\Users\\Isabel...')
#5 C:\Users\Isabel\PhpstormProjects\wc_hocicosbox\wp-blog-header.php(13): require_once('C:\\Users\\Isabel...')
#6 C:\Users\Isabel\PhpstormProjects\wc_hocicosbox\index.php(17): require('C:\\Users\\Isabel...')
#7 {main}
  thrown en C:\Users\Isabel\PhpstormProjects\wc_hocicosbox\wp-content\themes\hocicosbox\inc\customizer\customizer-home\customizer-home-trades.php en la línea 298

2021-06-09T16:07:07+00:00 CRITICAL Uncaught Error: Class 'WP_Customize_Control' not found in C:\Users\Isabel\PhpstormProjects\wc_hocicosbox\wp-content\themes\hocicosbox\inc\customizer\customizer-home\customizer-home-trades.php:298
Stack trace:
#0 C:\Users\Isabel\PhpstormProjects\wc_hocicosbox\wp-content\themes\hocicosbox\inc\customizer\customizer.php(9): require_once()
#1 C:\Users\Isabel\PhpstormProjects\wc_hocicosbox\wp-content\themes\hocicosbox\functions.php(14): require_once('C:\\Users\\Isabel...')
#2 C:\Users\Isabel\PhpstormProjects\wc_hocicosbox\wp-settings.php(528): include('C:\\Users\\Isabel...')
#3 C:\Users\Isabel\PhpstormProjects\wc_hocicosbox\wp-config.php(90): require_once('C:\\Users\\Isabel...')
#4 C:\Users\Isabel\PhpstormProjects\wc_hocicosbox\wp-load.php(37): require_once('C:\\Users\\Isabel...')
#5 C:\Users\Isabel\PhpstormProjects\wc_hocicosbox\wp-blog-header.php(13): require_once('C:\\Users\\Isabel...')
#6 C:\Users\Isabel\PhpstormProjects\wc_hocicosbox\index.php(17): require('C:\\Users\\Isabel...')
#7 {main}
  thrown en C:\Users\Isabel\PhpstormProjects\wc_hocicosbox\wp-content\themes\hocicosbox\inc\customizer\customizer-home\customizer-home-trades.php en la línea 298

2021-06-09T16:07:07+00:00 CRITICAL Uncaught Error: Class 'WP_Customize_Control' not found in C:\Users\Isabel\PhpstormProjects\wc_hocicosbox\wp-content\themes\hocicosbox\inc\customizer\customizer-home\customizer-home-trades.php:298
Stack trace:
#0 C:\Users\Isabel\PhpstormProjects\wc_hocicosbox\wp-content\themes\hocicosbox\inc\customizer\customizer.php(9): require_once()
#1 C:\Users\Isabel\PhpstormProjects\wc_hocicosbox\wp-content\themes\hocicosbox\functions.php(14): require_once('C:\\Users\\Isabel...')
#2 C:\Users\Isabel\PhpstormProjects\wc_hocicosbox\wp-settings.php(528): include('C:\\Users\\Isabel...')
#3 C:\Users\Isabel\PhpstormProjects\wc_hocicosbox\wp-config.php(90): require_once('C:\\Users\\Isabel...')
#4 C:\Users\Isabel\PhpstormProjects\wc_hocicosbox\wp-load.php(37): require_once('C:\\Users\\Isabel...')
#5 C:\Users\Isabel\PhpstormProjects\wc_hocicosbox\wp-blog-header.php(13): require_once('C:\\Users\\Isabel...')
#6 C:\Users\Isabel\PhpstormProjects\wc_hocicosbox\index.php(17): require('C:\\Users\\Isabel...')
#7 {main}
  thrown en C:\Users\Isabel\PhpstormProjects\wc_hocicosbox\wp-content\themes\hocicosbox\inc\customizer\customizer-home\customizer-home-trades.php en la línea 298

2021-06-09T16:11:15+00:00 CRITICAL syntax error, unexpected end of file en C:\Users\Isabel\PhpstormProjects\wc_hocicosbox\wp-content\themes\hocicosbox\inc\customizer\customizer-home\customizer-home-trades.php en la línea 59

2021-06-09T16:27:09+00:00 CRITICAL Uncaught Error: Class 'Multi_Input_Custom_control' not found in C:\Users\Isabel\PhpstormProjects\wc_hocicosbox\wp-content\themes\hocicosbox\inc\customizer\customizer-home\customizer-home-trades.php:67
Stack trace:
#0 C:\Users\Isabel\PhpstormProjects\wc_hocicosbox\wp-includes\class-wp-hook.php(292): customizer_home_trades(Object(WP_Customize_Manager))
#1 C:\Users\Isabel\PhpstormProjects\wc_hocicosbox\wp-includes\class-wp-hook.php(316): WP_Hook->apply_filters(NULL, Array)
#2 C:\Users\Isabel\PhpstormProjects\wc_hocicosbox\wp-includes\plugin.php(484): WP_Hook->do_action(Array)
#3 C:\Users\Isabel\PhpstormProjects\wc_hocicosbox\wp-includes\class-wp-customize-manager.php(933): do_action('customize_regis...', Object(WP_Customize_Manager))
#4 C:\Users\Isabel\PhpstormProjects\wc_hocicosbox\wp-includes\class-wp-hook.php(292): WP_Customize_Manager->wp_loaded('')
#5 C:\Users\Isabel\PhpstormProjects\wc_hocicosbox\wp-includes\class-wp-hook.php(316): WP_Hook->apply_filters(NULL, Array)
#6 C:\Users\Isabel\PhpstormProjects\wc_ en C:\Users\Isabel\PhpstormProjects\wc_hocicosbox\wp-content\themes\hocicosbox\inc\customizer\customizer-home\customizer-home-trades.php en la línea 67

2021-06-09T16:28:28+00:00 CRITICAL Uncaught Error: Class 'Multi_Input_Custom_control' not found in C:\Users\Isabel\PhpstormProjects\wc_hocicosbox\wp-content\themes\hocicosbox\inc\customizer\customizer-home\customizer-home-carousel.php:107
Stack trace:
#0 C:\Users\Isabel\PhpstormProjects\wc_hocicosbox\wp-includes\class-wp-hook.php(292): hocicosbox_customize_register(Object(WP_Customize_Manager))
#1 C:\Users\Isabel\PhpstormProjects\wc_hocicosbox\wp-includes\class-wp-hook.php(316): WP_Hook->apply_filters(NULL, Array)
#2 C:\Users\Isabel\PhpstormProjects\wc_hocicosbox\wp-includes\plugin.php(484): WP_Hook->do_action(Array)
#3 C:\Users\Isabel\PhpstormProjects\wc_hocicosbox\wp-includes\class-wp-customize-manager.php(933): do_action('customize_regis...', Object(WP_Customize_Manager))
#4 C:\Users\Isabel\PhpstormProjects\wc_hocicosbox\wp-includes\class-wp-hook.php(292): WP_Customize_Manager->wp_loaded('')
#5 C:\Users\Isabel\PhpstormProjects\wc_hocicosbox\wp-includes\class-wp-hook.php(316): WP_Hook->apply_filters(NULL, Array)
#6 C:\Users\Isabel\PhpstormPr en C:\Users\Isabel\PhpstormProjects\wc_hocicosbox\wp-content\themes\hocicosbox\inc\customizer\customizer-home\customizer-home-carousel.php en la línea 107

2021-06-09T16:28:29+00:00 CRITICAL Uncaught Error: Class 'Multi_Input_Custom_control' not found in C:\Users\Isabel\PhpstormProjects\wc_hocicosbox\wp-content\themes\hocicosbox\inc\customizer\customizer-home\customizer-home-carousel.php:107
Stack trace:
#0 C:\Users\Isabel\PhpstormProjects\wc_hocicosbox\wp-includes\class-wp-hook.php(292): hocicosbox_customize_register(Object(WP_Customize_Manager))
#1 C:\Users\Isabel\PhpstormProjects\wc_hocicosbox\wp-includes\class-wp-hook.php(316): WP_Hook->apply_filters(NULL, Array)
#2 C:\Users\Isabel\PhpstormProjects\wc_hocicosbox\wp-includes\plugin.php(484): WP_Hook->do_action(Array)
#3 C:\Users\Isabel\PhpstormProjects\wc_hocicosbox\wp-includes\class-wp-customize-manager.php(933): do_action('customize_regis...', Object(WP_Customize_Manager))
#4 C:\Users\Isabel\PhpstormProjects\wc_hocicosbox\wp-includes\class-wp-hook.php(292): WP_Customize_Manager->wp_loaded('')
#5 C:\Users\Isabel\PhpstormProjects\wc_hocicosbox\wp-includes\class-wp-hook.php(316): WP_Hook->apply_filters(NULL, Array)
#6 C:\Users\Isabel\PhpstormPr en C:\Users\Isabel\PhpstormProjects\wc_hocicosbox\wp-content\themes\hocicosbox\inc\customizer\customizer-home\customizer-home-carousel.php en la línea 107

2021-06-09T16:32:52+00:00 CRITICAL Uncaught Error: Class 'Customizer_Repeater' not found in C:\Users\Isabel\PhpstormProjects\wc_hocicosbox\wp-content\themes\hocicosbox\inc\customizer\customizer-home\customizer-home-carousel.php:116
Stack trace:
#0 C:\Users\Isabel\PhpstormProjects\wc_hocicosbox\wp-includes\class-wp-hook.php(292): hocicosbox_customize_register(Object(WP_Customize_Manager))
#1 C:\Users\Isabel\PhpstormProjects\wc_hocicosbox\wp-includes\class-wp-hook.php(316): WP_Hook->apply_filters(NULL, Array)
#2 C:\Users\Isabel\PhpstormProjects\wc_hocicosbox\wp-includes\plugin.php(484): WP_Hook->do_action(Array)
#3 C:\Users\Isabel\PhpstormProjects\wc_hocicosbox\wp-includes\class-wp-customize-manager.php(933): do_action('customize_regis...', Object(WP_Customize_Manager))
#4 C:\Users\Isabel\PhpstormProjects\wc_hocicosbox\wp-includes\class-wp-hook.php(292): WP_Customize_Manager->wp_loaded('')
#5 C:\Users\Isabel\PhpstormProjects\wc_hocicosbox\wp-includes\class-wp-hook.php(316): WP_Hook->apply_filters(NULL, Array)
#6 C:\Users\Isabel\PhpstormProjects\ en C:\Users\Isabel\PhpstormProjects\wc_hocicosbox\wp-content\themes\hocicosbox\inc\customizer\customizer-home\customizer-home-carousel.php en la línea 116

2021-06-09T16:32:52+00:00 CRITICAL Uncaught Error: Class 'Customizer_Repeater' not found in C:\Users\Isabel\PhpstormProjects\wc_hocicosbox\wp-content\themes\hocicosbox\inc\customizer\customizer-home\customizer-home-carousel.php:116
Stack trace:
#0 C:\Users\Isabel\PhpstormProjects\wc_hocicosbox\wp-includes\class-wp-hook.php(292): hocicosbox_customize_register(Object(WP_Customize_Manager))
#1 C:\Users\Isabel\PhpstormProjects\wc_hocicosbox\wp-includes\class-wp-hook.php(316): WP_Hook->apply_filters(NULL, Array)
#2 C:\Users\Isabel\PhpstormProjects\wc_hocicosbox\wp-includes\plugin.php(484): WP_Hook->do_action(Array)
#3 C:\Users\Isabel\PhpstormProjects\wc_hocicosbox\wp-includes\class-wp-customize-manager.php(933): do_action('customize_regis...', Object(WP_Customize_Manager))
#4 C:\Users\Isabel\PhpstormProjects\wc_hocicosbox\wp-includes\class-wp-hook.php(292): WP_Customize_Manager->wp_loaded('')
#5 C:\Users\Isabel\PhpstormProjects\wc_hocicosbox\wp-includes\class-wp-hook.php(316): WP_Hook->apply_filters(NULL, Array)
#6 C:\Users\Isabel\PhpstormProjects\ en C:\Users\Isabel\PhpstormProjects\wc_hocicosbox\wp-content\themes\hocicosbox\inc\customizer\customizer-home\customizer-home-carousel.php en la línea 116

2021-06-09T16:38:11+00:00 CRITICAL Cannot redeclare customizer_repeater_register() (previously declared in C:\Users\Isabel\PhpstormProjects\wc_hocicosbox\wp-content\themes\hocicosbox\inc\customizer\customizer-repeater\inc\customizer.php:11) en C:\Users\Isabel\PhpstormProjects\wc_hocicosbox\wp-content\themes\hocicosbox\inc\customizer\customizer-repeater\inc\customizer.php en la línea 15

2021-06-09T16:38:11+00:00 CRITICAL Cannot redeclare customizer_repeater_register() (previously declared in C:\Users\Isabel\PhpstormProjects\wc_hocicosbox\wp-content\themes\hocicosbox\inc\customizer\customizer-repeater\inc\customizer.php:11) en C:\Users\Isabel\PhpstormProjects\wc_hocicosbox\wp-content\themes\hocicosbox\inc\customizer\customizer-repeater\inc\customizer.php en la línea 15

2021-06-09T16:38:29+00:00 CRITICAL Cannot redeclare customizer_repeater_register() (previously declared in C:\Users\Isabel\PhpstormProjects\wc_hocicosbox\wp-content\themes\hocicosbox\inc\customizer\customizer-repeater\inc\customizer.php:11) en C:\Users\Isabel\PhpstormProjects\wc_hocicosbox\wp-content\themes\hocicosbox\inc\customizer\customizer-repeater\inc\customizer.php en la línea 15

2021-06-09T16:38:30+00:00 CRITICAL Cannot redeclare customizer_repeater_register() (previously declared in C:\Users\Isabel\PhpstormProjects\wc_hocicosbox\wp-content\themes\hocicosbox\inc\customizer\customizer-repeater\inc\customizer.php:11) en C:\Users\Isabel\PhpstormProjects\wc_hocicosbox\wp-content\themes\hocicosbox\inc\customizer\customizer-repeater\inc\customizer.php en la línea 15

2021-06-09T16:38:45+00:00 CRITICAL Cannot redeclare customizer_repeater_register() (previously declared in C:\Users\Isabel\PhpstormProjects\wc_hocicosbox\wp-content\themes\hocicosbox\inc\customizer\customizer-repeater\inc\customizer.php:11) en C:\Users\Isabel\PhpstormProjects\wc_hocicosbox\wp-content\themes\hocicosbox\inc\customizer\customizer-repeater\inc\customizer.php en la línea 15

2021-06-09T16:38:45+00:00 CRITICAL Cannot redeclare customizer_repeater_register() (previously declared in C:\Users\Isabel\PhpstormProjects\wc_hocicosbox\wp-content\themes\hocicosbox\inc\customizer\customizer-repeater\inc\customizer.php:11) en C:\Users\Isabel\PhpstormProjects\wc_hocicosbox\wp-content\themes\hocicosbox\inc\customizer\customizer-repeater\inc\customizer.php en la línea 15

2021-06-09T16:38:46+00:00 CRITICAL Cannot redeclare customizer_repeater_register() (previously declared in C:\Users\Isabel\PhpstormProjects\wc_hocicosbox\wp-content\themes\hocicosbox\inc\customizer\customizer-repeater\inc\customizer.php:11) en C:\Users\Isabel\PhpstormProjects\wc_hocicosbox\wp-content\themes\hocicosbox\inc\customizer\customizer-repeater\inc\customizer.php en la línea 15

2021-06-09T16:38:47+00:00 CRITICAL Cannot redeclare customizer_repeater_register() (previously declared in C:\Users\Isabel\PhpstormProjects\wc_hocicosbox\wp-content\themes\hocicosbox\inc\customizer\customizer-repeater\inc\customizer.php:11) en C:\Users\Isabel\PhpstormProjects\wc_hocicosbox\wp-content\themes\hocicosbox\inc\customizer\customizer-repeater\inc\customizer.php en la línea 15

2021-06-09T16:39:02+00:00 CRITICAL Uncaught Error: Class 'Customizer_Repeater' not found in C:\Users\Isabel\PhpstormProjects\wc_hocicosbox\wp-content\themes\hocicosbox\inc\customizer\customizer-home\customizer-home-carousel.php:117
Stack trace:
#0 C:\Users\Isabel\PhpstormProjects\wc_hocicosbox\wp-includes\class-wp-hook.php(292): hocicosbox_customize_register(Object(WP_Customize_Manager))
#1 C:\Users\Isabel\PhpstormProjects\wc_hocicosbox\wp-includes\class-wp-hook.php(316): WP_Hook->apply_filters(NULL, Array)
#2 C:\Users\Isabel\PhpstormProjects\wc_hocicosbox\wp-includes\plugin.php(484): WP_Hook->do_action(Array)
#3 C:\Users\Isabel\PhpstormProjects\wc_hocicosbox\wp-includes\class-wp-customize-manager.php(933): do_action('customize_regis...', Object(WP_Customize_Manager))
#4 C:\Users\Isabel\PhpstormProjects\wc_hocicosbox\wp-includes\class-wp-hook.php(292): WP_Customize_Manager->wp_loaded('')
#5 C:\Users\Isabel\PhpstormProjects\wc_hocicosbox\wp-includes\class-wp-hook.php(316): WP_Hook->apply_filters(NULL, Array)
#6 C:\Users\Isabel\PhpstormProjects\ en C:\Users\Isabel\PhpstormProjects\wc_hocicosbox\wp-content\themes\hocicosbox\inc\customizer\customizer-home\customizer-home-carousel.php en la línea 117

2021-06-09T16:39:31+00:00 CRITICAL Cannot redeclare customizer_repeater_register() (previously declared in C:\Users\Isabel\PhpstormProjects\wc_hocicosbox\wp-content\themes\hocicosbox\inc\customizer\customizer-repeater\inc\customizer.php:11) en C:\Users\Isabel\PhpstormProjects\wc_hocicosbox\wp-content\themes\hocicosbox\inc\customizer\customizer-repeater\inc\customizer.php en la línea 15

2021-06-09T16:39:32+00:00 CRITICAL Cannot redeclare customizer_repeater_register() (previously declared in C:\Users\Isabel\PhpstormProjects\wc_hocicosbox\wp-content\themes\hocicosbox\inc\customizer\customizer-repeater\inc\customizer.php:11) en C:\Users\Isabel\PhpstormProjects\wc_hocicosbox\wp-content\themes\hocicosbox\inc\customizer\customizer-repeater\inc\customizer.php en la línea 15

2021-06-09T16:39:58+00:00 CRITICAL Cannot redeclare customizer_repeater_register() (previously declared in C:\Users\Isabel\PhpstormProjects\wc_hocicosbox\wp-content\themes\hocicosbox\inc\customizer\customizer-repeater\inc\customizer.php:11) en C:\Users\Isabel\PhpstormProjects\wc_hocicosbox\wp-content\themes\hocicosbox\inc\customizer\customizer-repeater\inc\customizer.php en la línea 15

2021-06-09T16:39:59+00:00 CRITICAL Cannot redeclare customizer_repeater_register() (previously declared in C:\Users\Isabel\PhpstormProjects\wc_hocicosbox\wp-content\themes\hocicosbox\inc\customizer\customizer-repeater\inc\customizer.php:11) en C:\Users\Isabel\PhpstormProjects\wc_hocicosbox\wp-content\themes\hocicosbox\inc\customizer\customizer-repeater\inc\customizer.php en la línea 15

2021-06-09T16:40:03+00:00 CRITICAL Cannot redeclare customizer_repeater_register() (previously declared in C:\Users\Isabel\PhpstormProjects\wc_hocicosbox\wp-content\themes\hocicosbox\inc\customizer\customizer-repeater\inc\customizer.php:11) en C:\Users\Isabel\PhpstormProjects\wc_hocicosbox\wp-content\themes\hocicosbox\inc\customizer\customizer-repeater\inc\customizer.php en la línea 15

2021-06-09T16:40:03+00:00 CRITICAL Cannot redeclare customizer_repeater_register() (previously declared in C:\Users\Isabel\PhpstormProjects\wc_hocicosbox\wp-content\themes\hocicosbox\inc\customizer\customizer-repeater\inc\customizer.php:11) en C:\Users\Isabel\PhpstormProjects\wc_hocicosbox\wp-content\themes\hocicosbox\inc\customizer\customizer-repeater\inc\customizer.php en la línea 15

2021-06-09T16:40:05+00:00 CRITICAL Cannot redeclare customizer_repeater_register() (previously declared in C:\Users\Isabel\PhpstormProjects\wc_hocicosbox\wp-content\themes\hocicosbox\inc\customizer\customizer-repeater\inc\customizer.php:11) en C:\Users\Isabel\PhpstormProjects\wc_hocicosbox\wp-content\themes\hocicosbox\inc\customizer\customizer-repeater\inc\customizer.php en la línea 15

2021-06-09T16:40:05+00:00 CRITICAL Cannot redeclare customizer_repeater_register() (previously declared in C:\Users\Isabel\PhpstormProjects\wc_hocicosbox\wp-content\themes\hocicosbox\inc\customizer\customizer-repeater\inc\customizer.php:11) en C:\Users\Isabel\PhpstormProjects\wc_hocicosbox\wp-content\themes\hocicosbox\inc\customizer\customizer-repeater\inc\customizer.php en la línea 15

2021-06-09T16:40:14+00:00 CRITICAL Cannot redeclare customizer_repeater_sanitize() (previously declared in C:\Users\Isabel\PhpstormProjects\wc_hocicosbox\wp-content\themes\hocicosbox\inc\customizer\customizer-repeater\inc\customizer.php:21) en C:\Users\Isabel\PhpstormProjects\wc_hocicosbox\wp-content\themes\hocicosbox\inc\customizer\customizer-repeater\inc\customizer.php en la línea 35

2021-06-09T16:40:15+00:00 CRITICAL Cannot redeclare customizer_repeater_sanitize() (previously declared in C:\Users\Isabel\PhpstormProjects\wc_hocicosbox\wp-content\themes\hocicosbox\inc\customizer\customizer-repeater\inc\customizer.php:21) en C:\Users\Isabel\PhpstormProjects\wc_hocicosbox\wp-content\themes\hocicosbox\inc\customizer\customizer-repeater\inc\customizer.php en la línea 35

2021-06-09T16:40:20+00:00 CRITICAL Cannot redeclare customizer_repeater_sanitize() (previously declared in C:\Users\Isabel\PhpstormProjects\wc_hocicosbox\wp-content\themes\hocicosbox\inc\customizer\customizer-repeater\inc\customizer.php:21) en C:\Users\Isabel\PhpstormProjects\wc_hocicosbox\wp-content\themes\hocicosbox\inc\customizer\customizer-repeater\inc\customizer.php en la línea 35

2021-06-09T16:40:20+00:00 CRITICAL Cannot redeclare customizer_repeater_sanitize() (previously declared in C:\Users\Isabel\PhpstormProjects\wc_hocicosbox\wp-content\themes\hocicosbox\inc\customizer\customizer-repeater\inc\customizer.php:21) en C:\Users\Isabel\PhpstormProjects\wc_hocicosbox\wp-content\themes\hocicosbox\inc\customizer\customizer-repeater\inc\customizer.php en la línea 35

2021-06-09T16:40:32+00:00 CRITICAL Uncaught Error: Class 'Customizer_Repeater' not found in C:\Users\Isabel\PhpstormProjects\wc_hocicosbox\wp-content\themes\hocicosbox\inc\customizer\customizer-home\customizer-home-carousel.php:117
Stack trace:
#0 C:\Users\Isabel\PhpstormProjects\wc_hocicosbox\wp-includes\class-wp-hook.php(292): hocicosbox_customize_register(Object(WP_Customize_Manager))
#1 C:\Users\Isabel\PhpstormProjects\wc_hocicosbox\wp-includes\class-wp-hook.php(316): WP_Hook->apply_filters(NULL, Array)
#2 C:\Users\Isabel\PhpstormProjects\wc_hocicosbox\wp-includes\plugin.php(484): WP_Hook->do_action(Array)
#3 C:\Users\Isabel\PhpstormProjects\wc_hocicosbox\wp-includes\class-wp-customize-manager.php(933): do_action('customize_regis...', Object(WP_Customize_Manager))
#4 C:\Users\Isabel\PhpstormProjects\wc_hocicosbox\wp-includes\class-wp-hook.php(292): WP_Customize_Manager->wp_loaded('')
#5 C:\Users\Isabel\PhpstormProjects\wc_hocicosbox\wp-includes\class-wp-hook.php(316): WP_Hook->apply_filters(NULL, Array)
#6 C:\Users\Isabel\PhpstormProjects\ en C:\Users\Isabel\PhpstormProjects\wc_hocicosbox\wp-content\themes\hocicosbox\inc\customizer\customizer-home\customizer-home-carousel.php en la línea 117

2021-06-09T16:40:44+00:00 CRITICAL Cannot redeclare customizer_repeater_register() (previously declared in C:\Users\Isabel\PhpstormProjects\wc_hocicosbox\wp-content\themes\hocicosbox\inc\customizer\customizer-repeater\inc\customizer.php:11) en C:\Users\Isabel\PhpstormProjects\wc_hocicosbox\wp-content\themes\hocicosbox\inc\customizer\customizer-repeater\inc\customizer.php en la línea 15

2021-06-09T16:40:45+00:00 CRITICAL Cannot redeclare customizer_repeater_register() (previously declared in C:\Users\Isabel\PhpstormProjects\wc_hocicosbox\wp-content\themes\hocicosbox\inc\customizer\customizer-repeater\inc\customizer.php:11) en C:\Users\Isabel\PhpstormProjects\wc_hocicosbox\wp-content\themes\hocicosbox\inc\customizer\customizer-repeater\inc\customizer.php en la línea 15

2021-06-09T16:43:13+00:00 CRITICAL Cannot redeclare customizer_repeater_register() (previously declared in C:\Users\Isabel\PhpstormProjects\wc_hocicosbox\wp-content\themes\hocicosbox\inc\customizer\customizer-repeater\inc\customizer.php:11) en C:\Users\Isabel\PhpstormProjects\wc_hocicosbox\wp-content\themes\hocicosbox\inc\customizer\customizer-repeater\inc\customizer.php en la línea 15

2021-06-09T16:43:14+00:00 CRITICAL Cannot redeclare customizer_repeater_register() (previously declared in C:\Users\Isabel\PhpstormProjects\wc_hocicosbox\wp-content\themes\hocicosbox\inc\customizer\customizer-repeater\inc\customizer.php:11) en C:\Users\Isabel\PhpstormProjects\wc_hocicosbox\wp-content\themes\hocicosbox\inc\customizer\customizer-repeater\inc\customizer.php en la línea 15

2021-06-09T16:44:04+00:00 CRITICAL Cannot redeclare customizer_repeater_register() (previously declared in C:\Users\Isabel\PhpstormProjects\wc_hocicosbox\wp-content\themes\hocicosbox\inc\customizer\customizer-repeater\inc\customizer.php:11) en C:\Users\Isabel\PhpstormProjects\wc_hocicosbox\wp-content\themes\hocicosbox\inc\customizer\customizer-repeater\inc\customizer.php en la línea 15

2021-06-09T16:44:04+00:00 CRITICAL Cannot redeclare customizer_repeater_register() (previously declared in C:\Users\Isabel\PhpstormProjects\wc_hocicosbox\wp-content\themes\hocicosbox\inc\customizer\customizer-repeater\inc\customizer.php:11) en C:\Users\Isabel\PhpstormProjects\wc_hocicosbox\wp-content\themes\hocicosbox\inc\customizer\customizer-repeater\inc\customizer.php en la línea 15

2021-06-09T16:44:17+00:00 CRITICAL Cannot redeclare customizer_repeater_register() (previously declared in C:\Users\Isabel\PhpstormProjects\wc_hocicosbox\wp-content\themes\hocicosbox\inc\customizer\customizer-repeater\inc\customizer.php:11) en C:\Users\Isabel\PhpstormProjects\wc_hocicosbox\wp-content\themes\hocicosbox\inc\customizer\customizer-repeater\inc\customizer.php en la línea 15

2021-06-09T16:44:18+00:00 CRITICAL Uncaught Error: Class 'WP_Customize_Control' not found in C:\Users\Isabel\PhpstormProjects\wc_hocicosbox\wp-content\themes\hocicosbox\inc\customizer\customizer-home\customizer-home-carousel.php:133
Stack trace:
#0 C:\Users\Isabel\PhpstormProjects\wc_hocicosbox\wp-content\themes\hocicosbox\inc\customizer\customizer.php(9): require_once()
#1 C:\Users\Isabel\PhpstormProjects\wc_hocicosbox\wp-content\themes\hocicosbox\functions.php(14): require_once('C:\\Users\\Isabel...')
#2 C:\Users\Isabel\PhpstormProjects\wc_hocicosbox\wp-settings.php(528): include('C:\\Users\\Isabel...')
#3 C:\Users\Isabel\PhpstormProjects\wc_hocicosbox\wp-config.php(90): require_once('C:\\Users\\Isabel...')
#4 C:\Users\Isabel\PhpstormProjects\wc_hocicosbox\wp-load.php(37): require_once('C:\\Users\\Isabel...')
#5 C:\Users\Isabel\PhpstormProjects\wc_hocicosbox\wp-blog-header.php(13): require_once('C:\\Users\\Isabel...')
#6 C:\Users\Isabel\PhpstormProjects\wc_hocicosbox\index.php(17): require('C:\\Users\\Isabel...')
#7 {main}
  thrown en C:\Users\Isabel\PhpstormProjects\wc_hocicosbox\wp-content\themes\hocicosbox\inc\customizer\customizer-home\customizer-home-carousel.php en la línea 133

2021-06-09T16:45:51+00:00 CRITICAL Cannot redeclare customizer_repeater_register() (previously declared in C:\Users\Isabel\PhpstormProjects\wc_hocicosbox\wp-content\themes\hocicosbox\inc\customizer\customizer-repeater\inc\customizer.php:11) en C:\Users\Isabel\PhpstormProjects\wc_hocicosbox\wp-content\themes\hocicosbox\inc\customizer\customizer-repeater\inc\customizer.php en la línea 15

2021-06-09T16:45:52+00:00 CRITICAL Cannot redeclare customizer_repeater_register() (previously declared in C:\Users\Isabel\PhpstormProjects\wc_hocicosbox\wp-content\themes\hocicosbox\inc\customizer\customizer-repeater\inc\customizer.php:11) en C:\Users\Isabel\PhpstormProjects\wc_hocicosbox\wp-content\themes\hocicosbox\inc\customizer\customizer-repeater\inc\customizer.php en la línea 15

2021-06-09T16:46:52+00:00 CRITICAL Cannot redeclare customizer_repeater_register() (previously declared in C:\Users\Isabel\PhpstormProjects\wc_hocicosbox\wp-content\themes\hocicosbox\inc\customizer\customizer-repeater\inc\customizer.php:11) en C:\Users\Isabel\PhpstormProjects\wc_hocicosbox\wp-content\themes\hocicosbox\inc\customizer\customizer-repeater\inc\customizer.php en la línea 15

2021-06-09T16:46:52+00:00 CRITICAL Cannot redeclare customizer_repeater_register() (previously declared in C:\Users\Isabel\PhpstormProjects\wc_hocicosbox\wp-content\themes\hocicosbox\inc\customizer\customizer-repeater\inc\customizer.php:11) en C:\Users\Isabel\PhpstormProjects\wc_hocicosbox\wp-content\themes\hocicosbox\inc\customizer\customizer-repeater\inc\customizer.php en la línea 15

2021-06-09T16:47:25+00:00 CRITICAL Uncaught Error: Class 'Customizer_Repeater' not found in C:\Users\Isabel\PhpstormProjects\wc_hocicosbox\wp-content\themes\hocicosbox\inc\customizer\customizer-home\customizer-home-carousel.php:117
Stack trace:
#0 C:\Users\Isabel\PhpstormProjects\wc_hocicosbox\wp-includes\class-wp-hook.php(292): hocicosbox_customize_register(Object(WP_Customize_Manager))
#1 C:\Users\Isabel\PhpstormProjects\wc_hocicosbox\wp-includes\class-wp-hook.php(316): WP_Hook->apply_filters(NULL, Array)
#2 C:\Users\Isabel\PhpstormProjects\wc_hocicosbox\wp-includes\plugin.php(484): WP_Hook->do_action(Array)
#3 C:\Users\Isabel\PhpstormProjects\wc_hocicosbox\wp-includes\class-wp-customize-manager.php(933): do_action('customize_regis...', Object(WP_Customize_Manager))
#4 C:\Users\Isabel\PhpstormProjects\wc_hocicosbox\wp-includes\class-wp-hook.php(292): WP_Customize_Manager->wp_loaded('')
#5 C:\Users\Isabel\PhpstormProjects\wc_hocicosbox\wp-includes\class-wp-hook.php(316): WP_Hook->apply_filters(NULL, Array)
#6 C:\Users\Isabel\PhpstormProjects\ en C:\Users\Isabel\PhpstormProjects\wc_hocicosbox\wp-content\themes\hocicosbox\inc\customizer\customizer-home\customizer-home-carousel.php en la línea 117

2021-06-09T16:48:07+00:00 CRITICAL Cannot redeclare customizer_repeater_register() (previously declared in C:\Users\Isabel\PhpstormProjects\wc_hocicosbox\wp-content\themes\hocicosbox\inc\customizer\customizer-repeater\inc\customizer.php:11) en C:\Users\Isabel\PhpstormProjects\wc_hocicosbox\wp-content\themes\hocicosbox\inc\customizer\customizer-repeater\inc\customizer.php en la línea 15

2021-06-09T16:48:07+00:00 CRITICAL Cannot redeclare customizer_repeater_register() (previously declared in C:\Users\Isabel\PhpstormProjects\wc_hocicosbox\wp-content\themes\hocicosbox\inc\customizer\customizer-repeater\inc\customizer.php:11) en C:\Users\Isabel\PhpstormProjects\wc_hocicosbox\wp-content\themes\hocicosbox\inc\customizer\customizer-repeater\inc\customizer.php en la línea 15

2021-06-09T16:48:59+00:00 CRITICAL Cannot redeclare customizer_repeater_register() (previously declared in C:\Users\Isabel\PhpstormProjects\wc_hocicosbox\wp-content\themes\hocicosbox\inc\customizer\customizer-repeater\inc\customizer.php:11) en C:\Users\Isabel\PhpstormProjects\wc_hocicosbox\wp-content\themes\hocicosbox\inc\customizer\customizer-repeater\inc\customizer.php en la línea 15

2021-06-09T16:49:00+00:00 CRITICAL Cannot redeclare customizer_repeater_register() (previously declared in C:\Users\Isabel\PhpstormProjects\wc_hocicosbox\wp-content\themes\hocicosbox\inc\customizer\customizer-repeater\inc\customizer.php:11) en C:\Users\Isabel\PhpstormProjects\wc_hocicosbox\wp-content\themes\hocicosbox\inc\customizer\customizer-repeater\inc\customizer.php en la línea 15

2021-06-09T16:49:02+00:00 CRITICAL Cannot redeclare customizer_repeater_register() (previously declared in C:\Users\Isabel\PhpstormProjects\wc_hocicosbox\wp-content\themes\hocicosbox\inc\customizer\customizer-repeater\inc\customizer.php:11) en C:\Users\Isabel\PhpstormProjects\wc_hocicosbox\wp-content\themes\hocicosbox\inc\customizer\customizer-repeater\inc\customizer.php en la línea 15

2021-06-09T16:49:02+00:00 CRITICAL Cannot redeclare customizer_repeater_register() (previously declared in C:\Users\Isabel\PhpstormProjects\wc_hocicosbox\wp-content\themes\hocicosbox\inc\customizer\customizer-repeater\inc\customizer.php:11) en C:\Users\Isabel\PhpstormProjects\wc_hocicosbox\wp-content\themes\hocicosbox\inc\customizer\customizer-repeater\inc\customizer.php en la línea 15

2021-06-09T16:49:02+00:00 CRITICAL Cannot redeclare customizer_repeater_register() (previously declared in C:\Users\Isabel\PhpstormProjects\wc_hocicosbox\wp-content\themes\hocicosbox\inc\customizer\customizer-repeater\inc\customizer.php:11) en C:\Users\Isabel\PhpstormProjects\wc_hocicosbox\wp-content\themes\hocicosbox\inc\customizer\customizer-repeater\inc\customizer.php en la línea 15

2021-06-09T16:49:06+00:00 CRITICAL Cannot redeclare customizer_repeater_register() (previously declared in C:\Users\Isabel\PhpstormProjects\wc_hocicosbox\wp-content\themes\hocicosbox\inc\customizer\customizer-repeater\inc\customizer.php:11) en C:\Users\Isabel\PhpstormProjects\wc_hocicosbox\wp-content\themes\hocicosbox\inc\customizer\customizer-repeater\inc\customizer.php en la línea 15

2021-06-09T16:49:07+00:00 CRITICAL Cannot redeclare customizer_repeater_register() (previously declared in C:\Users\Isabel\PhpstormProjects\wc_hocicosbox\wp-content\themes\hocicosbox\inc\customizer\customizer-repeater\inc\customizer.php:11) en C:\Users\Isabel\PhpstormProjects\wc_hocicosbox\wp-content\themes\hocicosbox\inc\customizer\customizer-repeater\inc\customizer.php en la línea 15

2021-06-09T16:49:16+00:00 CRITICAL Uncaught Error: Class 'Customizer_Repeater' not found in C:\Users\Isabel\PhpstormProjects\wc_hocicosbox\wp-content\themes\hocicosbox\inc\customizer\customizer-home\customizer-home-carousel.php:117
Stack trace:
#0 C:\Users\Isabel\PhpstormProjects\wc_hocicosbox\wp-includes\class-wp-hook.php(292): hocicosbox_customize_register(Object(WP_Customize_Manager))
#1 C:\Users\Isabel\PhpstormProjects\wc_hocicosbox\wp-includes\class-wp-hook.php(316): WP_Hook->apply_filters(NULL, Array)
#2 C:\Users\Isabel\PhpstormProjects\wc_hocicosbox\wp-includes\plugin.php(484): WP_Hook->do_action(Array)
#3 C:\Users\Isabel\PhpstormProjects\wc_hocicosbox\wp-includes\class-wp-customize-manager.php(933): do_action('customize_regis...', Object(WP_Customize_Manager))
#4 C:\Users\Isabel\PhpstormProjects\wc_hocicosbox\wp-includes\class-wp-hook.php(292): WP_Customize_Manager->wp_loaded('')
#5 C:\Users\Isabel\PhpstormProjects\wc_hocicosbox\wp-includes\class-wp-hook.php(316): WP_Hook->apply_filters(NULL, Array)
#6 C:\Users\Isabel\PhpstormProjects\ en C:\Users\Isabel\PhpstormProjects\wc_hocicosbox\wp-content\themes\hocicosbox\inc\customizer\customizer-home\customizer-home-carousel.php en la línea 117

2021-06-09T16:50:41+00:00 CRITICAL Uncaught Error: Class 'Customizer_Repeater' not found in C:\Users\Isabel\PhpstormProjects\wc_hocicosbox\wp-content\themes\hocicosbox\inc\customizer\customizer-home\customizer-home-carousel.php:117
Stack trace:
#0 C:\Users\Isabel\PhpstormProjects\wc_hocicosbox\wp-includes\class-wp-hook.php(292): hocicosbox_customize_register(Object(WP_Customize_Manager))
#1 C:\Users\Isabel\PhpstormProjects\wc_hocicosbox\wp-includes\class-wp-hook.php(316): WP_Hook->apply_filters(NULL, Array)
#2 C:\Users\Isabel\PhpstormProjects\wc_hocicosbox\wp-includes\plugin.php(484): WP_Hook->do_action(Array)
#3 C:\Users\Isabel\PhpstormProjects\wc_hocicosbox\wp-includes\class-wp-customize-manager.php(933): do_action('customize_regis...', Object(WP_Customize_Manager))
#4 C:\Users\Isabel\PhpstormProjects\wc_hocicosbox\wp-includes\class-wp-hook.php(292): WP_Customize_Manager->wp_loaded('')
#5 C:\Users\Isabel\PhpstormProjects\wc_hocicosbox\wp-includes\class-wp-hook.php(316): WP_Hook->apply_filters(NULL, Array)
#6 C:\Users\Isabel\PhpstormProjects\ en C:\Users\Isabel\PhpstormProjects\wc_hocicosbox\wp-content\themes\hocicosbox\inc\customizer\customizer-home\customizer-home-carousel.php en la línea 117

2021-06-09T16:51:25+00:00 CRITICAL Uncaught Error: Class 'Customizer_Repeater' not found in C:\Users\Isabel\PhpstormProjects\wc_hocicosbox\wp-content\themes\hocicosbox\inc\customizer\customizer-home\customizer-home-carousel.php:117
Stack trace:
#0 C:\Users\Isabel\PhpstormProjects\wc_hocicosbox\wp-includes\class-wp-hook.php(292): hocicosbox_customize_register(Object(WP_Customize_Manager))
#1 C:\Users\Isabel\PhpstormProjects\wc_hocicosbox\wp-includes\class-wp-hook.php(316): WP_Hook->apply_filters(NULL, Array)
#2 C:\Users\Isabel\PhpstormProjects\wc_hocicosbox\wp-includes\plugin.php(484): WP_Hook->do_action(Array)
#3 C:\Users\Isabel\PhpstormProjects\wc_hocicosbox\wp-includes\class-wp-customize-manager.php(933): do_action('customize_regis...', Object(WP_Customize_Manager))
#4 C:\Users\Isabel\PhpstormProjects\wc_hocicosbox\wp-includes\class-wp-hook.php(292): WP_Customize_Manager->wp_loaded('')
#5 C:\Users\Isabel\PhpstormProjects\wc_hocicosbox\wp-includes\class-wp-hook.php(316): WP_Hook->apply_filters(NULL, Array)
#6 C:\Users\Isabel\PhpstormProjects\ en C:\Users\Isabel\PhpstormProjects\wc_hocicosbox\wp-content\themes\hocicosbox\inc\customizer\customizer-home\customizer-home-carousel.php en la línea 117

2021-06-09T16:51:53+00:00 CRITICAL Uncaught Error: Class 'Customizer_Repeater' not found in C:\Users\Isabel\PhpstormProjects\wc_hocicosbox\wp-content\themes\hocicosbox\inc\customizer\customizer-home\customizer-home-carousel.php:117
Stack trace:
#0 C:\Users\Isabel\PhpstormProjects\wc_hocicosbox\wp-includes\class-wp-hook.php(292): hocicosbox_customize_register(Object(WP_Customize_Manager))
#1 C:\Users\Isabel\PhpstormProjects\wc_hocicosbox\wp-includes\class-wp-hook.php(316): WP_Hook->apply_filters(NULL, Array)
#2 C:\Users\Isabel\PhpstormProjects\wc_hocicosbox\wp-includes\plugin.php(484): WP_Hook->do_action(Array)
#3 C:\Users\Isabel\PhpstormProjects\wc_hocicosbox\wp-includes\class-wp-customize-manager.php(933): do_action('customize_regis...', Object(WP_Customize_Manager))
#4 C:\Users\Isabel\PhpstormProjects\wc_hocicosbox\wp-includes\class-wp-hook.php(292): WP_Customize_Manager->wp_loaded('')
#5 C:\Users\Isabel\PhpstormProjects\wc_hocicosbox\wp-includes\class-wp-hook.php(316): WP_Hook->apply_filters(NULL, Array)
#6 C:\Users\Isabel\PhpstormProjects\ en C:\Users\Isabel\PhpstormProjects\wc_hocicosbox\wp-content\themes\hocicosbox\inc\customizer\customizer-home\customizer-home-carousel.php en la línea 117

2021-06-09T16:53:11+00:00 CRITICAL require(): Failed opening required 'C:\Users\Isabel\PhpstormProjects\wc_hocicosbox/wp-content/themes/hocicosbox/customizer-repeater/inc/customizer.php' (include_path='.;C:/laragon/etc/php/pear') en C:\Users\Isabel\PhpstormProjects\wc_hocicosbox\wp-content\themes\hocicosbox\inc\customizer\customizer-repeater\functions.php en la línea 4

2021-06-09T16:53:11+00:00 CRITICAL require(): Failed opening required 'C:\Users\Isabel\PhpstormProjects\wc_hocicosbox/wp-content/themes/hocicosbox/customizer-repeater/inc/customizer.php' (include_path='.;C:/laragon/etc/php/pear') en C:\Users\Isabel\PhpstormProjects\wc_hocicosbox\wp-content\themes\hocicosbox\inc\customizer\customizer-repeater\functions.php en la línea 4

2021-06-09T16:53:31+00:00 CRITICAL require(): Failed opening required 'C:\Users\Isabel\PhpstormProjects\wc_hocicosbox/wp-content/themes/hocicosboxinc/customizer/customizer-repeater/inc/customizer.php' (include_path='.;C:/laragon/etc/php/pear') en C:\Users\Isabel\PhpstormProjects\wc_hocicosbox\wp-content\themes\hocicosbox\inc\customizer\customizer-repeater\functions.php en la línea 4

2021-06-09T16:53:32+00:00 CRITICAL require(): Failed opening required 'C:\Users\Isabel\PhpstormProjects\wc_hocicosbox/wp-content/themes/hocicosboxinc/customizer/customizer-repeater/inc/customizer.php' (include_path='.;C:/laragon/etc/php/pear') en C:\Users\Isabel\PhpstormProjects\wc_hocicosbox\wp-content\themes\hocicosbox\inc\customizer\customizer-repeater\functions.php en la línea 4

2021-06-09T16:53:44+00:00 CRITICAL Uncaught Error: Class 'Customizer_Repeater' not found in C:\Users\Isabel\PhpstormProjects\wc_hocicosbox\wp-content\themes\hocicosbox\inc\customizer\customizer-home\customizer-home-carousel.php:117
Stack trace:
#0 C:\Users\Isabel\PhpstormProjects\wc_hocicosbox\wp-includes\class-wp-hook.php(292): hocicosbox_customize_register(Object(WP_Customize_Manager))
#1 C:\Users\Isabel\PhpstormProjects\wc_hocicosbox\wp-includes\class-wp-hook.php(316): WP_Hook->apply_filters(NULL, Array)
#2 C:\Users\Isabel\PhpstormProjects\wc_hocicosbox\wp-includes\plugin.php(484): WP_Hook->do_action(Array)
#3 C:\Users\Isabel\PhpstormProjects\wc_hocicosbox\wp-includes\class-wp-customize-manager.php(933): do_action('customize_regis...', Object(WP_Customize_Manager))
#4 C:\Users\Isabel\PhpstormProjects\wc_hocicosbox\wp-includes\class-wp-hook.php(292): WP_Customize_Manager->wp_loaded('')
#5 C:\Users\Isabel\PhpstormProjects\wc_hocicosbox\wp-includes\class-wp-hook.php(316): WP_Hook->apply_filters(NULL, Array)
#6 C:\Users\Isabel\PhpstormProjects\ en C:\Users\Isabel\PhpstormProjects\wc_hocicosbox\wp-content\themes\hocicosbox\inc\customizer\customizer-home\customizer-home-carousel.php en la línea 117

2021-06-09T16:54:47+00:00 CRITICAL require_once(): Failed opening required 'C:\Users\Isabel\PhpstormProjects\wc_hocicosbox/wp-content/themes/hocicosbox/customizer-repeater/class/customizer-repeater-control.php' (include_path='.;C:/laragon/etc/php/pear') en C:\Users\Isabel\PhpstormProjects\wc_hocicosbox\wp-content\themes\hocicosbox\inc\customizer\customizer-repeater\inc\customizer.php en la línea 4

2021-06-09T16:56:35+00:00 CRITICAL Uncaught Error: Class 'Customizer_Repeater' not found in C:\Users\Isabel\PhpstormProjects\wc_hocicosbox\wp-content\themes\hocicosbox\inc\customizer\customizer-home\customizer-home-carousel.php:117
Stack trace:
#0 C:\Users\Isabel\PhpstormProjects\wc_hocicosbox\wp-includes\class-wp-hook.php(292): hocicosbox_customize_register(Object(WP_Customize_Manager))
#1 C:\Users\Isabel\PhpstormProjects\wc_hocicosbox\wp-includes\class-wp-hook.php(316): WP_Hook->apply_filters(NULL, Array)
#2 C:\Users\Isabel\PhpstormProjects\wc_hocicosbox\wp-includes\plugin.php(484): WP_Hook->do_action(Array)
#3 C:\Users\Isabel\PhpstormProjects\wc_hocicosbox\wp-includes\class-wp-customize-manager.php(933): do_action('customize_regis...', Object(WP_Customize_Manager))
#4 C:\Users\Isabel\PhpstormProjects\wc_hocicosbox\wp-includes\class-wp-hook.php(292): WP_Customize_Manager->wp_loaded('')
#5 C:\Users\Isabel\PhpstormProjects\wc_hocicosbox\wp-includes\class-wp-hook.php(316): WP_Hook->apply_filters(NULL, Array)
#6 C:\Users\Isabel\PhpstormProjects\ en C:\Users\Isabel\PhpstormProjects\wc_hocicosbox\wp-content\themes\hocicosbox\inc\customizer\customizer-home\customizer-home-carousel.php en la línea 117

2021-06-09T16:57:00+00:00 CRITICAL require_once(): Failed opening required 'C:\Users\Isabel\PhpstormProjects\wc_hocicosbox/wp-content/themes/hocicosbox/customizer-repeater/class/customizer-repeater-control.php' (include_path='.;C:/laragon/etc/php/pear') en C:\Users\Isabel\PhpstormProjects\wc_hocicosbox\wp-content\themes\hocicosbox\inc\customizer\customizer-repeater\inc\customizer.php en la línea 4

2021-06-09T17:06:25+00:00 CRITICAL Uncaught Error: Class 'Customizer_Repeater' not found in C:\Users\Isabel\PhpstormProjects\wc_hocicosbox\wp-content\themes\hocicosbox\inc\customizer\customizer-home\customizer-home-carousel.php:107
Stack trace:
#0 C:\Users\Isabel\PhpstormProjects\wc_hocicosbox\wp-includes\class-wp-hook.php(292): hocicosbox_customize_register(Object(WP_Customize_Manager))
#1 C:\Users\Isabel\PhpstormProjects\wc_hocicosbox\wp-includes\class-wp-hook.php(316): WP_Hook->apply_filters(NULL, Array)
#2 C:\Users\Isabel\PhpstormProjects\wc_hocicosbox\wp-includes\plugin.php(484): WP_Hook->do_action(Array)
#3 C:\Users\Isabel\PhpstormProjects\wc_hocicosbox\wp-includes\class-wp-customize-manager.php(933): do_action('customize_regis...', Object(WP_Customize_Manager))
#4 C:\Users\Isabel\PhpstormProjects\wc_hocicosbox\wp-includes\class-wp-hook.php(292): WP_Customize_Manager->wp_loaded('')
#5 C:\Users\Isabel\PhpstormProjects\wc_hocicosbox\wp-includes\class-wp-hook.php(316): WP_Hook->apply_filters(NULL, Array)
#6 C:\Users\Isabel\PhpstormProjects\ en C:\Users\Isabel\PhpstormProjects\wc_hocicosbox\wp-content\themes\hocicosbox\inc\customizer\customizer-home\customizer-home-carousel.php en la línea 107

2021-06-09T17:06:26+00:00 CRITICAL Uncaught Error: Class 'Customizer_Repeater' not found in C:\Users\Isabel\PhpstormProjects\wc_hocicosbox\wp-content\themes\hocicosbox\inc\customizer\customizer-home\customizer-home-carousel.php:107
Stack trace:
#0 C:\Users\Isabel\PhpstormProjects\wc_hocicosbox\wp-includes\class-wp-hook.php(292): hocicosbox_customize_register(Object(WP_Customize_Manager))
#1 C:\Users\Isabel\PhpstormProjects\wc_hocicosbox\wp-includes\class-wp-hook.php(316): WP_Hook->apply_filters(NULL, Array)
#2 C:\Users\Isabel\PhpstormProjects\wc_hocicosbox\wp-includes\plugin.php(484): WP_Hook->do_action(Array)
#3 C:\Users\Isabel\PhpstormProjects\wc_hocicosbox\wp-includes\class-wp-customize-manager.php(933): do_action('customize_regis...', Object(WP_Customize_Manager))
#4 C:\Users\Isabel\PhpstormProjects\wc_hocicosbox\wp-includes\class-wp-hook.php(292): WP_Customize_Manager->wp_loaded('')
#5 C:\Users\Isabel\PhpstormProjects\wc_hocicosbox\wp-includes\class-wp-hook.php(316): WP_Hook->apply_filters(NULL, Array)
#6 C:\Users\Isabel\PhpstormProjects\ en C:\Users\Isabel\PhpstormProjects\wc_hocicosbox\wp-content\themes\hocicosbox\inc\customizer\customizer-home\customizer-home-carousel.php en la línea 107

2021-06-09T17:06:51+00:00 CRITICAL Uncaught Error: Class 'Customizer_Repeater' not found in C:\Users\Isabel\PhpstormProjects\wc_hocicosbox\wp-content\themes\hocicosbox\inc\customizer\customizer-home\customizer-home-carousel.php:107
Stack trace:
#0 C:\Users\Isabel\PhpstormProjects\wc_hocicosbox\wp-includes\class-wp-hook.php(292): hocicosbox_customize_register(Object(WP_Customize_Manager))
#1 C:\Users\Isabel\PhpstormProjects\wc_hocicosbox\wp-includes\class-wp-hook.php(316): WP_Hook->apply_filters(NULL, Array)
#2 C:\Users\Isabel\PhpstormProjects\wc_hocicosbox\wp-includes\plugin.php(484): WP_Hook->do_action(Array)
#3 C:\Users\Isabel\PhpstormProjects\wc_hocicosbox\wp-includes\class-wp-customize-manager.php(933): do_action('customize_regis...', Object(WP_Customize_Manager))
#4 C:\Users\Isabel\PhpstormProjects\wc_hocicosbox\wp-includes\class-wp-hook.php(292): WP_Customize_Manager->wp_loaded('')
#5 C:\Users\Isabel\PhpstormProjects\wc_hocicosbox\wp-includes\class-wp-hook.php(316): WP_Hook->apply_filters(NULL, Array)
#6 C:\Users\Isabel\PhpstormProjects\ en C:\Users\Isabel\PhpstormProjects\wc_hocicosbox\wp-content\themes\hocicosbox\inc\customizer\customizer-home\customizer-home-carousel.php en la línea 107

2021-06-09T17:07:26+00:00 CRITICAL Uncaught Error: Class 'Customizer_Repeater' not found in C:\Users\Isabel\PhpstormProjects\wc_hocicosbox\wp-content\themes\hocicosbox\inc\customizer\customizer-home\customizer-home-carousel.php:107
Stack trace:
#0 C:\Users\Isabel\PhpstormProjects\wc_hocicosbox\wp-includes\class-wp-hook.php(292): hocicosbox_customize_register(Object(WP_Customize_Manager))
#1 C:\Users\Isabel\PhpstormProjects\wc_hocicosbox\wp-includes\class-wp-hook.php(316): WP_Hook->apply_filters(NULL, Array)
#2 C:\Users\Isabel\PhpstormProjects\wc_hocicosbox\wp-includes\plugin.php(484): WP_Hook->do_action(Array)
#3 C:\Users\Isabel\PhpstormProjects\wc_hocicosbox\wp-includes\class-wp-customize-manager.php(933): do_action('customize_regis...', Object(WP_Customize_Manager))
#4 C:\Users\Isabel\PhpstormProjects\wc_hocicosbox\wp-includes\class-wp-hook.php(292): WP_Customize_Manager->wp_loaded('')
#5 C:\Users\Isabel\PhpstormProjects\wc_hocicosbox\wp-includes\class-wp-hook.php(316): WP_Hook->apply_filters(NULL, Array)
#6 C:\Users\Isabel\PhpstormProjects\ en C:\Users\Isabel\PhpstormProjects\wc_hocicosbox\wp-content\themes\hocicosbox\inc\customizer\customizer-home\customizer-home-carousel.php en la línea 107

2021-06-09T17:23:29+00:00 CRITICAL Uncaught Error: Class 'Customizer_Repeater' not found in C:\Users\Isabel\PhpstormProjects\wc_hocicosbox\wp-content\themes\hocicosbox\inc\customizer\customizer-home\customizer-home-carousel.php:107
Stack trace:
#0 C:\Users\Isabel\PhpstormProjects\wc_hocicosbox\wp-includes\class-wp-hook.php(292): hocicosbox_customize_register(Object(WP_Customize_Manager))
#1 C:\Users\Isabel\PhpstormProjects\wc_hocicosbox\wp-includes\class-wp-hook.php(316): WP_Hook->apply_filters(NULL, Array)
#2 C:\Users\Isabel\PhpstormProjects\wc_hocicosbox\wp-includes\plugin.php(484): WP_Hook->do_action(Array)
#3 C:\Users\Isabel\PhpstormProjects\wc_hocicosbox\wp-includes\class-wp-customize-manager.php(933): do_action('customize_regis...', Object(WP_Customize_Manager))
#4 C:\Users\Isabel\PhpstormProjects\wc_hocicosbox\wp-includes\class-wp-hook.php(292): WP_Customize_Manager->wp_loaded('')
#5 C:\Users\Isabel\PhpstormProjects\wc_hocicosbox\wp-includes\class-wp-hook.php(316): WP_Hook->apply_filters(NULL, Array)
#6 C:\Users\Isabel\PhpstormProjects\ en C:\Users\Isabel\PhpstormProjects\wc_hocicosbox\wp-content\themes\hocicosbox\inc\customizer\customizer-home\customizer-home-carousel.php en la línea 107

