2021-12-11T07:09:55+00:00 CRITICAL Uncaught Error: Call to undefined method Automattic\WooCommerce\Admin\Overrides\Order::get_code() in C:\Users\Isabel\PhpstormProjects\wc_hocicosbox\wp-content\themes\hocicosbox\woocommerce\myaccount\view-order.php:35
Stack trace:
#0 C:\Users\Isabel\PhpstormProjects\wc_hocicosbox\wp-content\plugins\woocommerce\includes\wc-core-functions.php(345): include()
#1 C:\Users\Isabel\PhpstormProjects\wc_hocicosbox\wp-content\plugins\woocommerce\includes\shortcodes\class-wc-shortcode-my-account.php(151): wc_get_template('myaccount/view-...', Array)
#2 C:\Users\Isabel\PhpstormProjects\wc_hocicosbox\wp-content\plugins\woocommerce\includes\wc-template-functions.php(3196): WC_Shortcode_My_Account::view_order(527)
#3 C:\Users\Isabel\PhpstormProjects\wc_hocicosbox\wp-includes\class-wp-hook.php(303): woocommerce_account_view_order('527')
#4 C:\Users\Isabel\PhpstormProjects\wc_hocicosbox\wp-includes\class-wp-hook.php(327): WP_Hook->apply_filters('', Array)
#5 C:\Users\Isabel\PhpstormProjects\wc_hocicosbox\wp-includes\plugin.php en C:\Users\Isabel\PhpstormProjects\wc_hocicosbox\wp-content\themes\hocicosbox\woocommerce\myaccount\view-order.php en la línea 35

2021-12-11T07:10:57+00:00 CRITICAL Uncaught Error: Function name must be a string in C:\Users\Isabel\PhpstormProjects\wc_hocicosbox\wp-content\themes\hocicosbox\woocommerce\myaccount\view-order.php:35
Stack trace:
#0 C:\Users\Isabel\PhpstormProjects\wc_hocicosbox\wp-content\plugins\woocommerce\includes\wc-core-functions.php(345): include()
#1 C:\Users\Isabel\PhpstormProjects\wc_hocicosbox\wp-content\plugins\woocommerce\includes\shortcodes\class-wc-shortcode-my-account.php(151): wc_get_template('myaccount/view-...', Array)
#2 C:\Users\Isabel\PhpstormProjects\wc_hocicosbox\wp-content\plugins\woocommerce\includes\wc-template-functions.php(3196): WC_Shortcode_My_Account::view_order(527)
#3 C:\Users\Isabel\PhpstormProjects\wc_hocicosbox\wp-includes\class-wp-hook.php(303): woocommerce_account_view_order('527')
#4 C:\Users\Isabel\PhpstormProjects\wc_hocicosbox\wp-includes\class-wp-hook.php(327): WP_Hook->apply_filters('', Array)
#5 C:\Users\Isabel\PhpstormProjects\wc_hocicosbox\wp-includes\plugin.php(470): WP_Hook->do_action(Array)
#6 C:\Users\Isabel en C:\Users\Isabel\PhpstormProjects\wc_hocicosbox\wp-content\themes\hocicosbox\woocommerce\myaccount\view-order.php en la línea 35

2021-12-11T07:58:20+00:00 CRITICAL Uncaught Error: Call to a member function is_registration_enabled() on null in C:\Users\Isabel\PhpstormProjects\wc_hocicosbox\wp-content\themes\hocicosbox\woocommerce\checkout\form-checkout.php:25
Stack trace:
#0 C:\Users\Isabel\PhpstormProjects\wc_hocicosbox\wp-content\themes\hocicosbox\page-finalizar-compra-2.php(37): require_once()
#1 C:\Users\Isabel\PhpstormProjects\wc_hocicosbox\wp-includes\template-loader.php(106): include('C:\\Users\\Isabel...')
#2 C:\Users\Isabel\PhpstormProjects\wc_hocicosbox\wp-blog-header.php(19): require_once('C:\\Users\\Isabel...')
#3 C:\Users\Isabel\PhpstormProjects\wc_hocicosbox\index.php(17): require('C:\\Users\\Isabel...')
#4 {main}
  thrown en C:\Users\Isabel\PhpstormProjects\wc_hocicosbox\wp-content\themes\hocicosbox\woocommerce\checkout\form-checkout.php en la línea 25

2021-12-11T07:58:45+00:00 CRITICAL Uncaught Error: Call to a member function get_checkout_fields() on null in C:\Users\Isabel\PhpstormProjects\wc_hocicosbox\wp-content\themes\hocicosbox\woocommerce\checkout\form-billing.php:37
Stack trace:
#0 C:\Users\Isabel\PhpstormProjects\wc_hocicosbox\wp-content\themes\hocicosbox\page-finalizar-compra-2.php(37): require_once()
#1 C:\Users\Isabel\PhpstormProjects\wc_hocicosbox\wp-includes\template-loader.php(106): include('C:\\Users\\Isabel...')
#2 C:\Users\Isabel\PhpstormProjects\wc_hocicosbox\wp-blog-header.php(19): require_once('C:\\Users\\Isabel...')
#3 C:\Users\Isabel\PhpstormProjects\wc_hocicosbox\index.php(17): require('C:\\Users\\Isabel...')
#4 {main}
  thrown en C:\Users\Isabel\PhpstormProjects\wc_hocicosbox\wp-content\themes\hocicosbox\woocommerce\checkout\form-billing.php en la línea 37

2021-12-11T07:59:15+00:00 CRITICAL Uncaught Error: Call to a member function get_checkout_fields() on null in C:\Users\Isabel\PhpstormProjects\wc_hocicosbox\wp-content\themes\hocicosbox\woocommerce\checkout\form-billing.php:37
Stack trace:
#0 C:\Users\Isabel\PhpstormProjects\wc_hocicosbox\wp-content\themes\hocicosbox\page-finalizar-compra-2.php(37): require_once()
#1 C:\Users\Isabel\PhpstormProjects\wc_hocicosbox\wp-includes\template-loader.php(106): include('C:\\Users\\Isabel...')
#2 C:\Users\Isabel\PhpstormProjects\wc_hocicosbox\wp-blog-header.php(19): require_once('C:\\Users\\Isabel...')
#3 C:\Users\Isabel\PhpstormProjects\wc_hocicosbox\index.php(17): require('C:\\Users\\Isabel...')
#4 {main}
  thrown en C:\Users\Isabel\PhpstormProjects\wc_hocicosbox\wp-content\themes\hocicosbox\woocommerce\checkout\form-billing.php en la línea 37

2021-12-11T08:00:25+00:00 CRITICAL Uncaught Error: Call to a member function get_checkout_fields() on null in C:\Users\Isabel\PhpstormProjects\wc_hocicosbox\wp-content\themes\hocicosbox\woocommerce\checkout\form-shipping.php:37
Stack trace:
#0 C:\Users\Isabel\PhpstormProjects\wc_hocicosbox\wp-content\themes\hocicosbox\page-finalizar-compra-2.php(43): require_once()
#1 C:\Users\Isabel\PhpstormProjects\wc_hocicosbox\wp-includes\template-loader.php(106): include('C:\\Users\\Isabel...')
#2 C:\Users\Isabel\PhpstormProjects\wc_hocicosbox\wp-blog-header.php(19): require_once('C:\\Users\\Isabel...')
#3 C:\Users\Isabel\PhpstormProjects\wc_hocicosbox\index.php(17): require('C:\\Users\\Isabel...')
#4 {main}
  thrown en C:\Users\Isabel\PhpstormProjects\wc_hocicosbox\wp-content\themes\hocicosbox\woocommerce\checkout\form-shipping.php en la línea 37

2021-12-11T16:31:05+00:00 CRITICAL Uncaught Error: Call to undefined function wcpdf_get_document() in C:\Users\Isabel\PhpstormProjects\wc_hocicosbox\wp-content\themes\hocicosbox\woocommerce\myaccount\orders.php:45
Stack trace:
#0 C:\Users\Isabel\PhpstormProjects\wc_hocicosbox\wp-content\plugins\woocommerce\includes\wc-core-functions.php(345): include()
#1 C:\Users\Isabel\PhpstormProjects\wc_hocicosbox\wp-content\plugins\woocommerce\includes\wc-template-functions.php(3182): wc_get_template('myaccount/order...', Array)
#2 C:\Users\Isabel\PhpstormProjects\wc_hocicosbox\wp-includes\class-wp-hook.php(303): woocommerce_account_orders(1)
#3 C:\Users\Isabel\PhpstormProjects\wc_hocicosbox\wp-includes\class-wp-hook.php(327): WP_Hook->apply_filters('', Array)
#4 C:\Users\Isabel\PhpstormProjects\wc_hocicosbox\wp-includes\plugin.php(470): WP_Hook->do_action(Array)
#5 C:\Users\Isabel\PhpstormProjects\wc_hocicosbox\wp-content\plugins\woocommerce\includes\wc-template-functions.php(3131): do_action('woocommerce_acc...', '1')
#6 C:\Users\Isabel\PhpstormProjects en C:\Users\Isabel\PhpstormProjects\wc_hocicosbox\wp-content\themes\hocicosbox\woocommerce\myaccount\orders.php en la línea 45

2021-12-11T17:01:30+00:00 CRITICAL Uncaught Error: Call to a member function get_checkout_fields() on null in C:\Users\Isabel\PhpstormProjects\wc_hocicosbox\wp-content\themes\hocicosbox\woocommerce\checkout\form-shipping.php:37
Stack trace:
#0 C:\Users\Isabel\PhpstormProjects\wc_hocicosbox\wp-content\themes\hocicosbox\woocommerce\cart\cart.php(51): require_once()
#1 C:\Users\Isabel\PhpstormProjects\wc_hocicosbox\wp-content\plugins\woocommerce\includes\wc-core-functions.php(345): include('C:\\Users\\Isabel...')
#2 C:\Users\Isabel\PhpstormProjects\wc_hocicosbox\wp-content\plugins\woocommerce\includes\shortcodes\class-wc-shortcode-cart.php(99): wc_get_template('cart/cart.php')
#3 C:\Users\Isabel\PhpstormProjects\wc_hocicosbox\wp-content\plugins\woocommerce\includes\class-wc-shortcodes.php(72): WC_Shortcode_Cart::output(Array)
#4 C:\Users\Isabel\PhpstormProjects\wc_hocicosbox\wp-content\plugins\woocommerce\includes\class-wc-shortcodes.php(85): WC_Shortcodes::shortcode_wrapper(Array)
#5 C:\Users\Isabel\PhpstormProjects\wc_hocicosbox\wp-includes\sho en C:\Users\Isabel\PhpstormProjects\wc_hocicosbox\wp-content\themes\hocicosbox\woocommerce\checkout\form-shipping.php en la línea 37

