2021-06-08T04:44:03+00:00 CRITICAL Uncaught Error: Call to undefined method WP_Customize_Manager::add_field() in C:\Users\Isabel\PhpstormProjects\wc_hocicosbox\wp-content\themes\hocicosbox\inc\customizer\customizer.php:112
Stack trace:
#0 C:\Users\Isabel\PhpstormProjects\wc_hocicosbox\wp-includes\class-wp-hook.php(292): hocicosbox_customize_register(Object(WP_Customize_Manager))
#1 C:\Users\Isabel\PhpstormProjects\wc_hocicosbox\wp-includes\class-wp-hook.php(316): WP_Hook->apply_filters(NULL, Array)
#2 C:\Users\Isabel\PhpstormProjects\wc_hocicosbox\wp-includes\plugin.php(484): WP_Hook->do_action(Array)
#3 C:\Users\Isabel\PhpstormProjects\wc_hocicosbox\wp-includes\class-wp-customize-manager.php(933): do_action('customize_regis...', Object(WP_Customize_Manager))
#4 C:\Users\Isabel\PhpstormProjects\wc_hocicosbox\wp-includes\class-wp-hook.php(292): WP_Customize_Manager->wp_loaded('')
#5 C:\Users\Isabel\PhpstormProjects\wc_hocicosbox\wp-includes\class-wp-hook.php(316): WP_Hook->apply_filters(NULL, Array)
#6 C:\Users\Isabel\PhpstormProjects\wc_hocico en C:\Users\Isabel\PhpstormProjects\wc_hocicosbox\wp-content\themes\hocicosbox\inc\customizer\customizer.php en la línea 112

2021-06-08T04:44:30+00:00 CRITICAL Uncaught Error: Call to undefined method WP_Customize_Manager::add_field() in C:\Users\Isabel\PhpstormProjects\wc_hocicosbox\wp-content\themes\hocicosbox\inc\customizer\customizer.php:112
Stack trace:
#0 C:\Users\Isabel\PhpstormProjects\wc_hocicosbox\wp-includes\class-wp-hook.php(292): hocicosbox_customize_register(Object(WP_Customize_Manager))
#1 C:\Users\Isabel\PhpstormProjects\wc_hocicosbox\wp-includes\class-wp-hook.php(316): WP_Hook->apply_filters(NULL, Array)
#2 C:\Users\Isabel\PhpstormProjects\wc_hocicosbox\wp-includes\plugin.php(484): WP_Hook->do_action(Array)
#3 C:\Users\Isabel\PhpstormProjects\wc_hocicosbox\wp-includes\class-wp-customize-manager.php(933): do_action('customize_regis...', Object(WP_Customize_Manager))
#4 C:\Users\Isabel\PhpstormProjects\wc_hocicosbox\wp-includes\class-wp-hook.php(292): WP_Customize_Manager->wp_loaded('')
#5 C:\Users\Isabel\PhpstormProjects\wc_hocicosbox\wp-includes\class-wp-hook.php(316): WP_Hook->apply_filters(NULL, Array)
#6 C:\Users\Isabel\PhpstormProjects\wc_hocico en C:\Users\Isabel\PhpstormProjects\wc_hocicosbox\wp-content\themes\hocicosbox\inc\customizer\customizer.php en la línea 112

2021-06-08T04:45:24+00:00 CRITICAL Uncaught Error: Call to undefined method WP_Customize_Manager::add_field() in C:\Users\Isabel\PhpstormProjects\wc_hocicosbox\wp-content\themes\hocicosbox\inc\customizer\customizer.php:112
Stack trace:
#0 C:\Users\Isabel\PhpstormProjects\wc_hocicosbox\wp-includes\class-wp-hook.php(292): hocicosbox_customize_register(Object(WP_Customize_Manager))
#1 C:\Users\Isabel\PhpstormProjects\wc_hocicosbox\wp-includes\class-wp-hook.php(316): WP_Hook->apply_filters(NULL, Array)
#2 C:\Users\Isabel\PhpstormProjects\wc_hocicosbox\wp-includes\plugin.php(484): WP_Hook->do_action(Array)
#3 C:\Users\Isabel\PhpstormProjects\wc_hocicosbox\wp-includes\class-wp-customize-manager.php(933): do_action('customize_regis...', Object(WP_Customize_Manager))
#4 C:\Users\Isabel\PhpstormProjects\wc_hocicosbox\wp-includes\class-wp-hook.php(292): WP_Customize_Manager->wp_loaded('')
#5 C:\Users\Isabel\PhpstormProjects\wc_hocicosbox\wp-includes\class-wp-hook.php(316): WP_Hook->apply_filters(NULL, Array)
#6 C:\Users\Isabel\PhpstormProjects\wc_hocico en C:\Users\Isabel\PhpstormProjects\wc_hocicosbox\wp-content\themes\hocicosbox\inc\customizer\customizer.php en la línea 112

2021-06-08T04:52:01+00:00 CRITICAL Uncaught Error: Class 'Multi_Input_Custom_control' not found in C:\Users\Isabel\PhpstormProjects\wc_hocicosbox\wp-content\themes\hocicosbox\inc\customizer\customizer.php:104
Stack trace:
#0 C:\Users\Isabel\PhpstormProjects\wc_hocicosbox\wp-includes\class-wp-hook.php(292): hocicosbox_customize_register(Object(WP_Customize_Manager))
#1 C:\Users\Isabel\PhpstormProjects\wc_hocicosbox\wp-includes\class-wp-hook.php(316): WP_Hook->apply_filters(NULL, Array)
#2 C:\Users\Isabel\PhpstormProjects\wc_hocicosbox\wp-includes\plugin.php(484): WP_Hook->do_action(Array)
#3 C:\Users\Isabel\PhpstormProjects\wc_hocicosbox\wp-includes\class-wp-customize-manager.php(933): do_action('customize_regis...', Object(WP_Customize_Manager))
#4 C:\Users\Isabel\PhpstormProjects\wc_hocicosbox\wp-includes\class-wp-hook.php(292): WP_Customize_Manager->wp_loaded('')
#5 C:\Users\Isabel\PhpstormProjects\wc_hocicosbox\wp-includes\class-wp-hook.php(316): WP_Hook->apply_filters(NULL, Array)
#6 C:\Users\Isabel\PhpstormProjects\wc_hocicosbox\wp-includ en C:\Users\Isabel\PhpstormProjects\wc_hocicosbox\wp-content\themes\hocicosbox\inc\customizer\customizer.php en la línea 104

2021-06-08T04:52:02+00:00 CRITICAL Uncaught Error: Class 'Multi_Input_Custom_control' not found in C:\Users\Isabel\PhpstormProjects\wc_hocicosbox\wp-content\themes\hocicosbox\inc\customizer\customizer.php:104
Stack trace:
#0 C:\Users\Isabel\PhpstormProjects\wc_hocicosbox\wp-includes\class-wp-hook.php(292): hocicosbox_customize_register(Object(WP_Customize_Manager))
#1 C:\Users\Isabel\PhpstormProjects\wc_hocicosbox\wp-includes\class-wp-hook.php(316): WP_Hook->apply_filters(NULL, Array)
#2 C:\Users\Isabel\PhpstormProjects\wc_hocicosbox\wp-includes\plugin.php(484): WP_Hook->do_action(Array)
#3 C:\Users\Isabel\PhpstormProjects\wc_hocicosbox\wp-includes\class-wp-customize-manager.php(933): do_action('customize_regis...', Object(WP_Customize_Manager))
#4 C:\Users\Isabel\PhpstormProjects\wc_hocicosbox\wp-includes\class-wp-hook.php(292): WP_Customize_Manager->wp_loaded('')
#5 C:\Users\Isabel\PhpstormProjects\wc_hocicosbox\wp-includes\class-wp-hook.php(316): WP_Hook->apply_filters(NULL, Array)
#6 C:\Users\Isabel\PhpstormProjects\wc_hocicosbox\wp-includ en C:\Users\Isabel\PhpstormProjects\wc_hocicosbox\wp-content\themes\hocicosbox\inc\customizer\customizer.php en la línea 104

2021-06-08T04:52:41+00:00 CRITICAL Uncaught Error: Class 'WP_Customize_Control' not found in C:\Users\Isabel\PhpstormProjects\wc_hocicosbox\wp-content\themes\hocicosbox\inc\customizer\customizer.php:10
Stack trace:
#0 C:\Users\Isabel\PhpstormProjects\wc_hocicosbox\wp-content\themes\hocicosbox\functions.php(14): require_once()
#1 C:\Users\Isabel\PhpstormProjects\wc_hocicosbox\wp-settings.php(528): include('C:\\Users\\Isabel...')
#2 C:\Users\Isabel\PhpstormProjects\wc_hocicosbox\wp-config.php(90): require_once('C:\\Users\\Isabel...')
#3 C:\Users\Isabel\PhpstormProjects\wc_hocicosbox\wp-load.php(37): require_once('C:\\Users\\Isabel...')
#4 C:\Users\Isabel\PhpstormProjects\wc_hocicosbox\wp-blog-header.php(13): require_once('C:\\Users\\Isabel...')
#5 C:\Users\Isabel\PhpstormProjects\wc_hocicosbox\index.php(17): require('C:\\Users\\Isabel...')
#6 {main}
  thrown en C:\Users\Isabel\PhpstormProjects\wc_hocicosbox\wp-content\themes\hocicosbox\inc\customizer\customizer.php en la línea 10

2021-06-08T04:52:41+00:00 CRITICAL Uncaught Error: Class 'WP_Customize_Control' not found in C:\Users\Isabel\PhpstormProjects\wc_hocicosbox\wp-content\themes\hocicosbox\inc\customizer\customizer.php:10
Stack trace:
#0 C:\Users\Isabel\PhpstormProjects\wc_hocicosbox\wp-content\themes\hocicosbox\functions.php(14): require_once()
#1 C:\Users\Isabel\PhpstormProjects\wc_hocicosbox\wp-settings.php(528): include('C:\\Users\\Isabel...')
#2 C:\Users\Isabel\PhpstormProjects\wc_hocicosbox\wp-config.php(90): require_once('C:\\Users\\Isabel...')
#3 C:\Users\Isabel\PhpstormProjects\wc_hocicosbox\wp-load.php(37): require_once('C:\\Users\\Isabel...')
#4 C:\Users\Isabel\PhpstormProjects\wc_hocicosbox\wp-blog-header.php(13): require_once('C:\\Users\\Isabel...')
#5 C:\Users\Isabel\PhpstormProjects\wc_hocicosbox\index.php(17): require('C:\\Users\\Isabel...')
#6 {main}
  thrown en C:\Users\Isabel\PhpstormProjects\wc_hocicosbox\wp-content\themes\hocicosbox\inc\customizer\customizer.php en la línea 10

2021-06-08T04:52:42+00:00 CRITICAL Uncaught Error: Class 'WP_Customize_Control' not found in C:\Users\Isabel\PhpstormProjects\wc_hocicosbox\wp-content\themes\hocicosbox\inc\customizer\customizer.php:10
Stack trace:
#0 C:\Users\Isabel\PhpstormProjects\wc_hocicosbox\wp-content\themes\hocicosbox\functions.php(14): require_once()
#1 C:\Users\Isabel\PhpstormProjects\wc_hocicosbox\wp-settings.php(528): include('C:\\Users\\Isabel...')
#2 C:\Users\Isabel\PhpstormProjects\wc_hocicosbox\wp-config.php(90): require_once('C:\\Users\\Isabel...')
#3 C:\Users\Isabel\PhpstormProjects\wc_hocicosbox\wp-load.php(37): require_once('C:\\Users\\Isabel...')
#4 C:\Users\Isabel\PhpstormProjects\wc_hocicosbox\wp-blog-header.php(13): require_once('C:\\Users\\Isabel...')
#5 C:\Users\Isabel\PhpstormProjects\wc_hocicosbox\index.php(17): require('C:\\Users\\Isabel...')
#6 {main}
  thrown en C:\Users\Isabel\PhpstormProjects\wc_hocicosbox\wp-content\themes\hocicosbox\inc\customizer\customizer.php en la línea 10

2021-06-08T04:52:42+00:00 CRITICAL Uncaught Error: Class 'WP_Customize_Control' not found in C:\Users\Isabel\PhpstormProjects\wc_hocicosbox\wp-content\themes\hocicosbox\inc\customizer\customizer.php:10
Stack trace:
#0 C:\Users\Isabel\PhpstormProjects\wc_hocicosbox\wp-content\themes\hocicosbox\functions.php(14): require_once()
#1 C:\Users\Isabel\PhpstormProjects\wc_hocicosbox\wp-settings.php(528): include('C:\\Users\\Isabel...')
#2 C:\Users\Isabel\PhpstormProjects\wc_hocicosbox\wp-config.php(90): require_once('C:\\Users\\Isabel...')
#3 C:\Users\Isabel\PhpstormProjects\wc_hocicosbox\wp-load.php(37): require_once('C:\\Users\\Isabel...')
#4 C:\Users\Isabel\PhpstormProjects\wc_hocicosbox\wp-blog-header.php(13): require_once('C:\\Users\\Isabel...')
#5 C:\Users\Isabel\PhpstormProjects\wc_hocicosbox\index.php(17): require('C:\\Users\\Isabel...')
#6 {main}
  thrown en C:\Users\Isabel\PhpstormProjects\wc_hocicosbox\wp-content\themes\hocicosbox\inc\customizer\customizer.php en la línea 10

2021-06-08T04:52:43+00:00 CRITICAL Uncaught Error: Class 'WP_Customize_Control' not found in C:\Users\Isabel\PhpstormProjects\wc_hocicosbox\wp-content\themes\hocicosbox\inc\customizer\customizer.php:10
Stack trace:
#0 C:\Users\Isabel\PhpstormProjects\wc_hocicosbox\wp-content\themes\hocicosbox\functions.php(14): require_once()
#1 C:\Users\Isabel\PhpstormProjects\wc_hocicosbox\wp-settings.php(528): include('C:\\Users\\Isabel...')
#2 C:\Users\Isabel\PhpstormProjects\wc_hocicosbox\wp-config.php(90): require_once('C:\\Users\\Isabel...')
#3 C:\Users\Isabel\PhpstormProjects\wc_hocicosbox\wp-load.php(37): require_once('C:\\Users\\Isabel...')
#4 C:\Users\Isabel\PhpstormProjects\wc_hocicosbox\wp-blog-header.php(13): require_once('C:\\Users\\Isabel...')
#5 C:\Users\Isabel\PhpstormProjects\wc_hocicosbox\index.php(17): require('C:\\Users\\Isabel...')
#6 {main}
  thrown en C:\Users\Isabel\PhpstormProjects\wc_hocicosbox\wp-content\themes\hocicosbox\inc\customizer\customizer.php en la línea 10

2021-06-08T04:52:45+00:00 CRITICAL Uncaught Error: Class 'WP_Customize_Control' not found in C:\Users\Isabel\PhpstormProjects\wc_hocicosbox\wp-content\themes\hocicosbox\inc\customizer\customizer.php:10
Stack trace:
#0 C:\Users\Isabel\PhpstormProjects\wc_hocicosbox\wp-content\themes\hocicosbox\functions.php(14): require_once()
#1 C:\Users\Isabel\PhpstormProjects\wc_hocicosbox\wp-settings.php(528): include('C:\\Users\\Isabel...')
#2 C:\Users\Isabel\PhpstormProjects\wc_hocicosbox\wp-config.php(90): require_once('C:\\Users\\Isabel...')
#3 C:\Users\Isabel\PhpstormProjects\wc_hocicosbox\wp-load.php(37): require_once('C:\\Users\\Isabel...')
#4 C:\Users\Isabel\PhpstormProjects\wc_hocicosbox\wp-blog-header.php(13): require_once('C:\\Users\\Isabel...')
#5 C:\Users\Isabel\PhpstormProjects\wc_hocicosbox\index.php(17): require('C:\\Users\\Isabel...')
#6 {main}
  thrown en C:\Users\Isabel\PhpstormProjects\wc_hocicosbox\wp-content\themes\hocicosbox\inc\customizer\customizer.php en la línea 10

2021-06-08T04:52:55+00:00 CRITICAL Uncaught Error: Class 'WP_Customize_Control' not found in C:\Users\Isabel\PhpstormProjects\wc_hocicosbox\wp-content\themes\hocicosbox\inc\customizer\customizer.php:10
Stack trace:
#0 C:\Users\Isabel\PhpstormProjects\wc_hocicosbox\wp-content\themes\hocicosbox\functions.php(14): require_once()
#1 C:\Users\Isabel\PhpstormProjects\wc_hocicosbox\wp-settings.php(528): include('C:\\Users\\Isabel...')
#2 C:\Users\Isabel\PhpstormProjects\wc_hocicosbox\wp-config.php(90): require_once('C:\\Users\\Isabel...')
#3 C:\Users\Isabel\PhpstormProjects\wc_hocicosbox\wp-load.php(37): require_once('C:\\Users\\Isabel...')
#4 C:\Users\Isabel\PhpstormProjects\wc_hocicosbox\wp-blog-header.php(13): require_once('C:\\Users\\Isabel...')
#5 C:\Users\Isabel\PhpstormProjects\wc_hocicosbox\index.php(17): require('C:\\Users\\Isabel...')
#6 {main}
  thrown en C:\Users\Isabel\PhpstormProjects\wc_hocicosbox\wp-content\themes\hocicosbox\inc\customizer\customizer.php en la línea 10

2021-06-08T04:52:55+00:00 CRITICAL Uncaught Error: Class 'WP_Customize_Control' not found in C:\Users\Isabel\PhpstormProjects\wc_hocicosbox\wp-content\themes\hocicosbox\inc\customizer\customizer.php:10
Stack trace:
#0 C:\Users\Isabel\PhpstormProjects\wc_hocicosbox\wp-content\themes\hocicosbox\functions.php(14): require_once()
#1 C:\Users\Isabel\PhpstormProjects\wc_hocicosbox\wp-settings.php(528): include('C:\\Users\\Isabel...')
#2 C:\Users\Isabel\PhpstormProjects\wc_hocicosbox\wp-config.php(90): require_once('C:\\Users\\Isabel...')
#3 C:\Users\Isabel\PhpstormProjects\wc_hocicosbox\wp-load.php(37): require_once('C:\\Users\\Isabel...')
#4 C:\Users\Isabel\PhpstormProjects\wc_hocicosbox\wp-blog-header.php(13): require_once('C:\\Users\\Isabel...')
#5 C:\Users\Isabel\PhpstormProjects\wc_hocicosbox\index.php(17): require('C:\\Users\\Isabel...')
#6 {main}
  thrown en C:\Users\Isabel\PhpstormProjects\wc_hocicosbox\wp-content\themes\hocicosbox\inc\customizer\customizer.php en la línea 10

2021-06-08T04:52:56+00:00 CRITICAL Uncaught Error: Class 'WP_Customize_Control' not found in C:\Users\Isabel\PhpstormProjects\wc_hocicosbox\wp-content\themes\hocicosbox\inc\customizer\customizer.php:10
Stack trace:
#0 C:\Users\Isabel\PhpstormProjects\wc_hocicosbox\wp-content\themes\hocicosbox\functions.php(14): require_once()
#1 C:\Users\Isabel\PhpstormProjects\wc_hocicosbox\wp-settings.php(528): include('C:\\Users\\Isabel...')
#2 C:\Users\Isabel\PhpstormProjects\wc_hocicosbox\wp-config.php(90): require_once('C:\\Users\\Isabel...')
#3 C:\Users\Isabel\PhpstormProjects\wc_hocicosbox\wp-load.php(37): require_once('C:\\Users\\Isabel...')
#4 C:\Users\Isabel\PhpstormProjects\wc_hocicosbox\wp-blog-header.php(13): require_once('C:\\Users\\Isabel...')
#5 C:\Users\Isabel\PhpstormProjects\wc_hocicosbox\index.php(17): require('C:\\Users\\Isabel...')
#6 {main}
  thrown en C:\Users\Isabel\PhpstormProjects\wc_hocicosbox\wp-content\themes\hocicosbox\inc\customizer\customizer.php en la línea 10

2021-06-08T04:52:57+00:00 CRITICAL Uncaught Error: Class 'WP_Customize_Control' not found in C:\Users\Isabel\PhpstormProjects\wc_hocicosbox\wp-content\themes\hocicosbox\inc\customizer\customizer.php:10
Stack trace:
#0 C:\Users\Isabel\PhpstormProjects\wc_hocicosbox\wp-content\themes\hocicosbox\functions.php(14): require_once()
#1 C:\Users\Isabel\PhpstormProjects\wc_hocicosbox\wp-settings.php(528): include('C:\\Users\\Isabel...')
#2 C:\Users\Isabel\PhpstormProjects\wc_hocicosbox\wp-config.php(90): require_once('C:\\Users\\Isabel...')
#3 C:\Users\Isabel\PhpstormProjects\wc_hocicosbox\wp-load.php(37): require_once('C:\\Users\\Isabel...')
#4 C:\Users\Isabel\PhpstormProjects\wc_hocicosbox\wp-blog-header.php(13): require_once('C:\\Users\\Isabel...')
#5 C:\Users\Isabel\PhpstormProjects\wc_hocicosbox\index.php(17): require('C:\\Users\\Isabel...')
#6 {main}
  thrown en C:\Users\Isabel\PhpstormProjects\wc_hocicosbox\wp-content\themes\hocicosbox\inc\customizer\customizer.php en la línea 10

2021-06-08T04:52:58+00:00 CRITICAL Uncaught Error: Class 'WP_Customize_Control' not found in C:\Users\Isabel\PhpstormProjects\wc_hocicosbox\wp-content\themes\hocicosbox\inc\customizer\customizer.php:10
Stack trace:
#0 C:\Users\Isabel\PhpstormProjects\wc_hocicosbox\wp-content\themes\hocicosbox\functions.php(14): require_once()
#1 C:\Users\Isabel\PhpstormProjects\wc_hocicosbox\wp-settings.php(528): include('C:\\Users\\Isabel...')
#2 C:\Users\Isabel\PhpstormProjects\wc_hocicosbox\wp-config.php(90): require_once('C:\\Users\\Isabel...')
#3 C:\Users\Isabel\PhpstormProjects\wc_hocicosbox\wp-load.php(37): require_once('C:\\Users\\Isabel...')
#4 C:\Users\Isabel\PhpstormProjects\wc_hocicosbox\wp-blog-header.php(13): require_once('C:\\Users\\Isabel...')
#5 C:\Users\Isabel\PhpstormProjects\wc_hocicosbox\index.php(17): require('C:\\Users\\Isabel...')
#6 {main}
  thrown en C:\Users\Isabel\PhpstormProjects\wc_hocicosbox\wp-content\themes\hocicosbox\inc\customizer\customizer.php en la línea 10

2021-06-08T04:53:57+00:00 CRITICAL Uncaught Error: Class 'Multi_Input_Custom_control' not found in C:\Users\Isabel\PhpstormProjects\wc_hocicosbox\wp-content\themes\hocicosbox\inc\customizer\customizer.php:104
Stack trace:
#0 C:\Users\Isabel\PhpstormProjects\wc_hocicosbox\wp-includes\class-wp-hook.php(292): hocicosbox_customize_register(Object(WP_Customize_Manager))
#1 C:\Users\Isabel\PhpstormProjects\wc_hocicosbox\wp-includes\class-wp-hook.php(316): WP_Hook->apply_filters(NULL, Array)
#2 C:\Users\Isabel\PhpstormProjects\wc_hocicosbox\wp-includes\plugin.php(484): WP_Hook->do_action(Array)
#3 C:\Users\Isabel\PhpstormProjects\wc_hocicosbox\wp-includes\class-wp-customize-manager.php(933): do_action('customize_regis...', Object(WP_Customize_Manager))
#4 C:\Users\Isabel\PhpstormProjects\wc_hocicosbox\wp-includes\class-wp-hook.php(292): WP_Customize_Manager->wp_loaded('')
#5 C:\Users\Isabel\PhpstormProjects\wc_hocicosbox\wp-includes\class-wp-hook.php(316): WP_Hook->apply_filters(NULL, Array)
#6 C:\Users\Isabel\PhpstormProjects\wc_hocicosbox\wp-includ en C:\Users\Isabel\PhpstormProjects\wc_hocicosbox\wp-content\themes\hocicosbox\inc\customizer\customizer.php en la línea 104

2021-06-08T04:54:58+00:00 CRITICAL Uncaught Error: Class 'Multi_Input_Custom_control' not found in C:\Users\Isabel\PhpstormProjects\wc_hocicosbox\wp-content\themes\hocicosbox\inc\customizer\customizer.php:104
Stack trace:
#0 C:\Users\Isabel\PhpstormProjects\wc_hocicosbox\wp-includes\class-wp-hook.php(292): hocicosbox_customize_register(Object(WP_Customize_Manager))
#1 C:\Users\Isabel\PhpstormProjects\wc_hocicosbox\wp-includes\class-wp-hook.php(316): WP_Hook->apply_filters(NULL, Array)
#2 C:\Users\Isabel\PhpstormProjects\wc_hocicosbox\wp-includes\plugin.php(484): WP_Hook->do_action(Array)
#3 C:\Users\Isabel\PhpstormProjects\wc_hocicosbox\wp-includes\class-wp-customize-manager.php(933): do_action('customize_regis...', Object(WP_Customize_Manager))
#4 C:\Users\Isabel\PhpstormProjects\wc_hocicosbox\wp-includes\class-wp-hook.php(292): WP_Customize_Manager->wp_loaded('')
#5 C:\Users\Isabel\PhpstormProjects\wc_hocicosbox\wp-includes\class-wp-hook.php(316): WP_Hook->apply_filters(NULL, Array)
#6 C:\Users\Isabel\PhpstormProjects\wc_hocicosbox\wp-includ en C:\Users\Isabel\PhpstormProjects\wc_hocicosbox\wp-content\themes\hocicosbox\inc\customizer\customizer.php en la línea 104

